#
# A fatal error has been detected by the Java Runtime Environment:
#
#  EXCEPTION_ACCESS_VIOLATION (0xc0000005) at pc=0x00007ff86793480e, pid=27312, tid=3576
#
# JRE version: Java(TM) SE Runtime Environment (9.0+11) (build 9.0.4+11)
# Java VM: Java HotSpot(TM) 64-Bit Server VM (9.0.4+11, mixed mode, tiered, compressed oops, g1 gc, windows-amd64)
# Problematic frame:
# C  [librdi_wavedata.dll+0x4480e]
#
# No core dump will be written. Minidumps are not enabled by default on client versions of Windows
#
# If you would like to submit a bug report, please visit:
#   http://bugreport.java.com/bugreport/crash.jsp
# The crash happened outside the Java Virtual Machine in native code.
# See problematic frame for where to report the bug.
#

---------------  S U M M A R Y ------------

Command Line: -Dsun.java2d.pmoffscreen=false -Dsun.java2d.xrender=false -Dsun.java2d.d3d=false -Dsun.awt.nopixfmt=true -Dsun.java2d.dpiaware=true -Dsun.java2d.uiScale.enabled=false -Xverify:none -Dswing.aatext=true -XX:-UsePerfData -Djdk.map.althashing.threshold=512 -XX:StringTableSize=4072 --add-opens=java.base/java.nio=ALL-UNNAMED --add-opens=java.desktop/sun.swing=ALL-UNNAMED --add-opens=java.desktop/javax.swing=ALL-UNNAMED --add-opens=java.desktop/javax.swing.tree=ALL-UNNAMED --add-opens=java.desktop/javax.swing.plaf.basic=ALL-UNNAMED --add-opens=java.desktop/javax.swing.plaf.synth=ALL-UNNAMED --add-opens=java.desktop/com.sun.awt=ALL-UNNAMED -XX:NewSize=60m -XX:MaxNewSize=60m -Xms128m -Xmx3072m -Xss5m 

Host: 11th Gen Intel(R) Core(TM) i7-1165G7 @ 2.80GHz, 8 cores, 7G,  Windows 10 , 64 bit Build 22621 (10.0.22621.3235)
Time: Fri Mar 22 22:21:57 2024 GTB Standard Time elapsed time: 3156 seconds (0d 0h 52m 36s)

---------------  T H R E A D  ---------------

Current thread (0x000001bb3a136800):  JavaThread "AWT-EventQueue-0" [_thread_in_native, id=3576, stack(0x0000007fac900000,0x0000007face00000)]

Stack: [0x0000007fac900000,0x0000007face00000],  sp=0x0000007facdfa8a0,  free space=5098k
Native frames: (J=compiled Java code, j=interpreted, Vv=VM code, C=native code)
C  [librdi_wavedata.dll+0x4480e]
C  [librdi_wavedata.dll+0x242ac5]
C  [librdi_wavedata.dll+0x23b581]
C  [librdi_wavedata.dll+0x23b006]
C  [librdi_wavedata.dll+0x2455e1]
C  [librdi_wavedata.dll+0x2449da]
C  [librdi_wavedata.dll+0x244c76]
C  [librdi_wavedata.dll+0x26f368]
C  0x000001bb1f36921c

Java frames: (J=compiled Java code, j=interpreted, Vv=VM code)
j  ui.views.waveform.waveformi.WVExecutive_setPrefsMessage(JLjava/lang/String;)V+0
j  ui.views.waveform.executive.a.Wa(Ljava/lang/String;)V+5
j  ui.views.waveform.a.gyH()V+128
j  ui.views.waveform.a.c(Lui/views/waveform/a;)V+1
j  ui.views.waveform.f.actionPerformed(Ljava/awt/event/ActionEvent;)V+4
J 16665 c1 javax.swing.JComboBox.fireActionEvent()V java.desktop@9.0.4 (156 bytes) @ 0x000001bb20abf03c [0x000001bb20abe2e0+0x0000000000000d5c]
J 18288 c1 javax.swing.JComboBox.setSelectedItem(Ljava/lang/Object;)V java.desktop@9.0.4 (148 bytes) @ 0x000001bb2130956c [0x000001bb21308b00+0x0000000000000a6c]
J 17838 c1 ui.utils.o.e.e.setSelectedItem(Ljava/lang/Object;)V (42 bytes) @ 0x000001bb20be5c84 [0x000001bb20be5680+0x0000000000000604]
j  javax.swing.JComboBox.setSelectedIndex(I)V+58 java.desktop@9.0.4
j  javax.swing.plaf.basic.BasicComboPopup$Handler.mouseReleased(Ljava/awt/event/MouseEvent;)V+97 java.desktop@9.0.4
J 16537 c1 java.awt.AWTEventMulticaster.mouseReleased(Ljava/awt/event/MouseEvent;)V java.desktop@9.0.4 (27 bytes) @ 0x000001bb204030c4 [0x000001bb20402d00+0x00000000000003c4]
J 23800 c2 javax.swing.JComponent.processMouseEvent(Ljava/awt/event/MouseEvent;)V java.desktop@9.0.4 (27 bytes) @ 0x000001bb273f2664 [0x000001bb273f2520+0x0000000000000144]
j  javax.swing.plaf.basic.BasicComboPopup$1.processMouseEvent(Ljava/awt/event/MouseEvent;)V+70 java.desktop@9.0.4
J 25071 c2 java.awt.Component.processEvent(Ljava/awt/AWTEvent;)V java.desktop@9.0.4 (220 bytes) @ 0x000001bb27c93f70 [0x000001bb27c93e60+0x0000000000000110]
J 17623 c2 java.awt.Container.processEvent(Ljava/awt/AWTEvent;)V java.desktop@9.0.4 (22 bytes) @ 0x000001bb272df65c [0x000001bb272df5c0+0x000000000000009c]
J 24242 c2 java.awt.Component.dispatchEventImpl(Ljava/awt/AWTEvent;)V java.desktop@9.0.4 (739 bytes) @ 0x000001bb27c8bdb4 [0x000001bb27c8b020+0x0000000000000d94]
J 24477 c2 java.awt.Container.dispatchEventImpl(Ljava/awt/AWTEvent;)V java.desktop@9.0.4 (129 bytes) @ 0x000001bb271c4ec0 [0x000001bb271c4d40+0x0000000000000180]
J 16046 c2 java.awt.LightweightDispatcher.retargetMouseEvent(Ljava/awt/Component;ILjava/awt/event/MouseEvent;)V java.desktop@9.0.4 (350 bytes) @ 0x000001bb27dd82d0 [0x000001bb27dd7d60+0x0000000000000570]
J 24393 c2 java.awt.LightweightDispatcher.processMouseEvent(Ljava/awt/event/MouseEvent;)Z java.desktop@9.0.4 (265 bytes) @ 0x000001bb26f8d930 [0x000001bb26f8d200+0x0000000000000730]
J 24477 c2 java.awt.Container.dispatchEventImpl(Ljava/awt/AWTEvent;)V java.desktop@9.0.4 (129 bytes) @ 0x000001bb271c4dec [0x000001bb271c4d40+0x00000000000000ac]
J 15118 c2 java.awt.Window.dispatchEventImpl(Ljava/awt/AWTEvent;)V java.desktop@9.0.4 (23 bytes) @ 0x000001bb27c2b60c [0x000001bb27c2b5c0+0x000000000000004c]
J 13507 c2 java.awt.EventQueue$3.run()Ljava/lang/Object; java.desktop@9.0.4 (5 bytes) @ 0x000001bb279f4afc [0x000001bb279f4500+0x00000000000005fc]
v  ~StubRoutines::call_stub
J 8124  java.security.AccessController.doPrivileged(Ljava/security/PrivilegedAction;Ljava/security/AccessControlContext;)Ljava/lang/Object; java.base@9.0.4 (0 bytes) @ 0x000001bb272ec946 [0x000001bb272ec8e0+0x0000000000000066]
J 14633 c2 java.awt.EventQueue$4.run()Ljava/lang/Object; java.desktop@9.0.4 (5 bytes) @ 0x000001bb27b268c0 [0x000001bb27b26660+0x0000000000000260]
v  ~StubRoutines::call_stub
J 8124  java.security.AccessController.doPrivileged(Ljava/security/PrivilegedAction;Ljava/security/AccessControlContext;)Ljava/lang/Object; java.base@9.0.4 (0 bytes) @ 0x000001bb272ec946 [0x000001bb272ec8e0+0x0000000000000066]
J 12538 c2 java.awt.EventQueue.dispatchEvent(Ljava/awt/AWTEvent;)V java.desktop@9.0.4 (80 bytes) @ 0x000001bb2786d8c0 [0x000001bb2786d540+0x0000000000000380]
J 21904 c2 java.awt.EventDispatchThread.pumpOneEventForFilters(I)V java.desktop@9.0.4 (218 bytes) @ 0x000001bb284833ac [0x000001bb28482f00+0x00000000000004ac]
J 16962% c2 java.awt.EventDispatchThread.pumpEventsForFilter(ILjava/awt/Conditional;Ljava/awt/EventFilter;)V java.desktop@9.0.4 (47 bytes) @ 0x000001bb27ec9bc0 [0x000001bb27ec9ac0+0x0000000000000100]
j  java.awt.EventDispatchThread.pumpEventsForHierarchy(ILjava/awt/Conditional;Ljava/awt/Component;)V+11 java.desktop@9.0.4
j  java.awt.EventDispatchThread.pumpEvents(ILjava/awt/Conditional;)V+4 java.desktop@9.0.4
j  java.awt.EventDispatchThread.pumpEvents(Ljava/awt/Conditional;)V+3 java.desktop@9.0.4
j  java.awt.EventDispatchThread.run()V+9 java.desktop@9.0.4
v  ~StubRoutines::call_stub

siginfo: EXCEPTION_ACCESS_VIOLATION (0xc0000005), reading address 0x0000000000000000


Register to memory mapping:

RIP=0x00007ff86793480e librdi_wavedata.dll
RAX=0x0000000000000000 is an unknown value
RBX=0x0000000000000000 is an unknown value
RCX=0x0000007facdfa940 is pointing into the stack for thread: 0x000001bb3a136800
RDX=0x0000000000000000 is an unknown value
RSP=0x0000007facdfa8a0 is pointing into the stack for thread: 0x000001bb3a136800
RBP=0x0000007facdfaa10 is pointing into the stack for thread: 0x000001bb3a136800
RSI=0x0000007facdfa940 is pointing into the stack for thread: 0x000001bb3a136800
RDI=0x0000007facdfab68 is pointing into the stack for thread: 0x000001bb3a136800
R8 =0x0000000000000000 is an unknown value
R9 =0x0000007facdfa970 is pointing into the stack for thread: 0x000001bb3a136800
R10=0x0000007facdfa950 is pointing into the stack for thread: 0x000001bb3a136800
R11=0xdbfffdef7bbf56cf is an unknown value
R12=0x00007ff867e804d0 librdi_wavedata.dll
R13=0x000001bb00e22620 is an unknown value
R14=0x0000000000000000 is an unknown value
R15=0x0000000000000000 is an unknown value


Registers:
RAX=0x0000000000000000, RBX=0x0000000000000000, RCX=0x0000007facdfa940, RDX=0x0000000000000000
RSP=0x0000007facdfa8a0, RBP=0x0000007facdfaa10, RSI=0x0000007facdfa940, RDI=0x0000007facdfab68
R8 =0x0000000000000000, R9 =0x0000007facdfa970, R10=0x0000007facdfa950, R11=0xdbfffdef7bbf56cf
R12=0x00007ff867e804d0, R13=0x000001bb00e22620, R14=0x0000000000000000, R15=0x0000000000000000
RIP=0x00007ff86793480e, EFLAGS=0x0000000000010246

Top of Stack: (sp=0x0000007facdfa8a0)
0x0000007facdfa8a0:   0000000000000001 0000007facdfa948
0x0000007facdfa8b0:   0000007facdfaa30 00007ff90fd7d76b
0x0000007facdfa8c0:   fffffffffffffffe 0000007facdfa8e8
0x0000007facdfa8d0:   0000007facdfac28 0000007facdfac28
0x0000007facdfa8e0:   00007ff867e80518 0000000000000000
0x0000007facdfa8f0:   00007ff867e804d0 0000007facdfab68
0x0000007facdfa900:   00007ff867e61be8 00007ff867b32ac5
0x0000007facdfa910:   0000007facdfa940 0000007f00000000
0x0000007facdfa920:   0000007facdfac28 0000000000000000
0x0000007facdfa930:   000001bb00000002 fffffffffffffffe
0x0000007facdfa940:   00007ff867cd4998 00007ff867cd4910
0x0000007facdfa950:   0000000000000000 0000000000000000
0x0000007facdfa960:   0000007facdfa950 0000007facdfa958
0x0000007facdfa970:   0000000000000000 0000000000000000
0x0000007facdfa980:   0000007facdfa970 0000007facdfa978
0x0000007facdfa990:   0000000000000000 0000007facdfa990 

Instructions: (pc=0x00007ff86793480e)
0x00007ff8679347ee:   83 ec 40 48 c7 44 24 20 fe ff ff ff 48 89 9c 24
0x00007ff8679347fe:   80 00 00 00 4c 8b fa 48 8b f1 33 db 89 5c 24 78
0x00007ff86793480e:   38 1a 75 05 45 33 f6 eb 12 49 83 ce ff 0f 1f 44
0x00007ff86793481e:   00 00 49 ff c6 42 38 1c 32 75 f7 48 8b 01 48 63 



---------------  P R O C E S S  ---------------

Java Threads: ( => current thread )
  0x000001bb629cd000 JavaThread "Thread-3779" [_thread_in_native, id=4152, stack(0x0000007fb1400000,0x0000007fb1500000)]
  0x000001bb629c3800 JavaThread "Thread-3493" [_thread_in_native, id=14784, stack(0x0000007fb1400000,0x0000007fb1500000)]
  0x000001bb629c2000 JavaThread "Thread-3116" [_thread_in_native, id=7024, stack(0x0000007fb2a00000,0x0000007fb2b00000)]
  0x000001bb629bf800 JavaThread "Thread-3038" [_thread_in_native, id=28348, stack(0x0000007fb3300000,0x0000007fb3400000)]
  0x000001bb629c6800 JavaThread "SyntheticaAnimation 50" daemon [_thread_blocked, id=8428, stack(0x0000007fb1a00000,0x0000007fb1f00000)]
  0x000001bb481a9000 JavaThread "Monitor File Timestamp Swing Worker" [_thread_blocked, id=26592, stack(0x0000007fb1500000,0x0000007fb1a00000)]
  0x000001bb4819d800 JavaThread "Timer-2" [_thread_blocked, id=976, stack(0x0000007fadd00000,0x0000007fae200000)]
  0x000001bb481a8800 JavaThread "Image Animator 0" daemon [_thread_blocked, id=20064, stack(0x0000007fb1f00000,0x0000007fb2400000)]
  0x000001bb4819b800 JavaThread "Monitor File Timestamp Swing Worker" [_thread_blocked, id=15548, stack(0x0000007fb0500000,0x0000007fb0a00000)]
  0x000001bb481a2000 JavaThread "Timer-1" [_thread_blocked, id=22364, stack(0x0000007fb0000000,0x0000007fb0500000)]
  0x000001bb4819f000 JavaThread "SyntheticaAnimation 50" daemon [_thread_blocked, id=20188, stack(0x0000007faf100000,0x0000007faf600000)]
  0x000001bb3a403800 JavaThread "hw_ila_monitor" [_thread_blocked, id=11672, stack(0x0000007fad300000,0x0000007fad800000)]
  0x000001bb3a405800 JavaThread "Update Runs Swing Worker" [_thread_blocked, id=17304, stack(0x0000007fafb00000,0x0000007fb0000000)]
  0x000001bb17026800 JavaThread "Refresh Filesets Swing Worker" [_thread_blocked, id=14416, stack(0x0000007fabf00000,0x0000007fac400000)]
  0x000001bb17026000 JavaThread "SyntheticaAnimation 70" daemon [_thread_blocked, id=21148, stack(0x0000007faf600000,0x0000007fafb00000)]
  0x000001bb17029800 JavaThread "SyntheticaAnimation 25" daemon [_thread_blocked, id=6012, stack(0x0000007faec00000,0x0000007faf100000)]
  0x000001bb17029000 JavaThread "SyntheticaAnimation 50" daemon [_thread_blocked, id=24400, stack(0x0000007fae700000,0x0000007faec00000)]
  0x000001bb17025000 JavaThread "Monitor HEventQueue" [_thread_blocked, id=19860, stack(0x0000007fae200000,0x0000007fae700000)]
  0x000001bb17027800 JavaThread "Batik CleanerThread" daemon [_thread_blocked, id=27332, stack(0x0000007fad800000,0x0000007fadd00000)]
  0x000001bb17028000 JavaThread "SyntheticaCleanerThread" daemon [_thread_blocked, id=25136, stack(0x0000007fab000000,0x0000007fab500000)]
  0x000001bb3a164800 JavaThread "Process Messages" [_thread_blocked, id=27044, stack(0x0000007face00000,0x0000007fad300000)]
  0x000001bb398b4000 JavaThread "Thread-1" [_thread_in_native, id=27376, stack(0x0000007fa5700000,0x0000007fa6b00000)]
=>0x000001bb3a136800 JavaThread "AWT-EventQueue-0" [_thread_in_native, id=3576, stack(0x0000007fac900000,0x0000007face00000)]
  0x000001bb39e32000 JavaThread "AWT-Shutdown" [_thread_blocked, id=27408, stack(0x0000007fac400000,0x0000007fac900000)]
  0x000001bb17da8800 JavaThread "TimerQueue" daemon [_thread_blocked, id=8404, stack(0x0000007faba00000,0x0000007fabf00000)]
  0x000001bb17c04800 JavaThread "AWT-Windows" daemon [_thread_in_native, id=11176, stack(0x0000007fab500000,0x0000007faba00000)]
  0x000001bb17f4a000 JavaThread "Java2D Disposer" daemon [_thread_blocked, id=6016, stack(0x0000007faab00000,0x0000007fab000000)]
  0x000001bb15c3f800 JavaThread "Service Thread" daemon [_thread_blocked, id=7732, stack(0x0000007faa500000,0x0000007faaa00000)]
  0x000001bb1702e800 JavaThread "Common-Cleaner" daemon [_thread_blocked, id=19716, stack(0x0000007faa000000,0x0000007faa500000)]
  0x000001bb1702a800 JavaThread "Sweeper thread" daemon [_thread_blocked, id=5148, stack(0x0000007fa9b00000,0x0000007faa000000)]
  0x000001bb16280800 JavaThread "C1 CompilerThread3" daemon [_thread_blocked, id=17684, stack(0x0000007fa9a00000,0x0000007fa9b00000)]
  0x000001bb156b4800 JavaThread "C2 CompilerThread2" daemon [_thread_blocked, id=18240, stack(0x0000007fa9900000,0x0000007fa9a00000)]
  0x000001bb156b3800 JavaThread "C2 CompilerThread1" daemon [_thread_blocked, id=25352, stack(0x0000007fa9800000,0x0000007fa9900000)]
  0x000001bb1382e000 JavaThread "C2 CompilerThread0" daemon [_thread_blocked, id=19308, stack(0x0000007fa9700000,0x0000007fa9800000)]
  0x000001bb15ce3000 JavaThread "Attach Listener" daemon [_thread_blocked, id=26912, stack(0x0000007fa9200000,0x0000007fa9700000)]
  0x000001bb15477800 JavaThread "Signal Dispatcher" daemon [_thread_blocked, id=7180, stack(0x0000007fa8d00000,0x0000007fa9200000)]
  0x000001bb1663c800 JavaThread "Finalizer" daemon [_thread_blocked, id=15032, stack(0x0000007fa8800000,0x0000007fa8d00000)]
  0x000001bb14380000 JavaThread "Reference Handler" daemon [_thread_blocked, id=25368, stack(0x0000007fa8300000,0x0000007fa8800000)]
  0x000001bb14216000 JavaThread "main" [_thread_blocked, id=26564, stack(0x0000007fa6d00000,0x0000007fa6e00000)]

Other Threads:
  0x000001bb142b0800 VMThread "VM Thread" [stack: 0x0000007fa8200000,0x0000007fa8300000] [id=24236]
  0x000001bb15c41000 WatcherThread [stack: 0x0000007faaa00000,0x0000007faab00000] [id=19020]
  0x000001bb13f35800 GCTaskThread "GC Thread#0" [stack: 0x0000007fa6e00000,0x0000007fa6f00000] [id=24700]
  0x000001bb13f36000 GCTaskThread "GC Thread#1" [stack: 0x0000007fa6f00000,0x0000007fa7000000] [id=22240]
  0x000001bb14383800 GCTaskThread "GC Thread#2" [stack: 0x0000007fa7000000,0x0000007fa7100000] [id=13104]
  0x000001bb14384000 GCTaskThread "GC Thread#3" [stack: 0x0000007fa7100000,0x0000007fa7200000] [id=22760]
  0x000001bb13475800 GCTaskThread "GC Thread#4" [stack: 0x0000007fa7200000,0x0000007fa7300000] [id=26860]
  0x000001bb13307000 GCTaskThread "GC Thread#5" [stack: 0x0000007fa7300000,0x0000007fa7400000] [id=8740]
  0x000001bb14cd3000 GCTaskThread "GC Thread#6" [stack: 0x0000007fa7400000,0x0000007fa7500000] [id=24036]
  0x000001bb14ba1800 GCTaskThread "GC Thread#7" [stack: 0x0000007fa7500000,0x0000007fa7600000] [id=25544]
  0x000001bb1555e800 ConcurrentGCThread "G1 Main Marker" [stack: 0x0000007fa7f00000,0x0000007fa8000000] [id=26480]
  0x000001bb1555f000 ConcurrentGCThread "G1 Marker#0" [stack: 0x0000007fa8000000,0x0000007fa8100000] [id=23416]
  0x000001bb14479000 ConcurrentGCThread "G1 Marker#1" [stack: 0x0000007fa8100000,0x0000007fa8200000] [id=25652]
  0x000001bb1314b800 ConcurrentGCThread "G1 Refine#0" [stack: 0x0000007fa7d00000,0x0000007fa7e00000] [id=24276]
  0x000001bb1320a000 ConcurrentGCThread "G1 Refine#1" [stack: 0x0000007fa7c00000,0x0000007fa7d00000] [id=3068]
  0x000001bb13209800 ConcurrentGCThread "G1 Refine#2" [stack: 0x0000007fa7b00000,0x0000007fa7c00000] [id=3512]
  0x000001bb14f93800 ConcurrentGCThread "G1 Refine#3" [stack: 0x0000007fa7a00000,0x0000007fa7b00000] [id=6732]
  0x000001bb16479800 ConcurrentGCThread "G1 Refine#4" [stack: 0x0000007fa7900000,0x0000007fa7a00000] [id=5404]
  0x000001bb16478800 ConcurrentGCThread "G1 Refine#5" [stack: 0x0000007fa7800000,0x0000007fa7900000] [id=20420]
  0x000001bb137e7000 ConcurrentGCThread "G1 Refine#6" [stack: 0x0000007fa7700000,0x0000007fa7800000] [id=8476]
  0x000001bb13ff4000 ConcurrentGCThread "G1 Refine#7" [stack: 0x0000007fa7600000,0x0000007fa7700000] [id=12656]
  0x000001bb130aa800 ConcurrentGCThread "G1 Young RemSet Sampling" [stack: 0x0000007fa7e00000,0x0000007fa7f00000] [id=26212]

Threads with active compile tasks:

VM state:not at safepoint (normal execution)

VM Mutex/Monitor currently owned by a thread: None

Heap address: 0x0000000700000000, size: 3072 MB, Compressed Oops mode: Zero based, Oop shift amount: 3
Narrow klass base: 0x0000000000000000, Narrow klass shift: 3
Compressed class space size: 1073741824 Address: 0x00000007c0000000

Heap:
 garbage-first heap   total 345088K, used 170779K [0x0000000700000000, 0x0000000700100a88, 0x00000007c0000000)
  region size 1024K, 50 young (51200K), 1 survivors (1024K)
 Metaspace       used 94602K, capacity 99746K, committed 102528K, reserved 1136640K
  class space    used 13271K, capacity 14171K, committed 14720K, reserved 1048576K
Heap Regions: E=young(eden), S=young(survivor), O=old, HS=humongous(starts), HC=humongous(continues), CS=collection set, F=free, A=archive, TS=gc time stamp, AC=allocation context, TAMS=top-at-mark-start (previous, next)
|   0|0x0000000700000000, 0x00000007000febe8, 0x0000000700100000| 99%| O|  |TS  0|AC  0|TAMS 0x0000000700000000, 0x0000000700000000|
|   1|0x0000000700100000, 0x0000000700200000, 0x0000000700200000|100%|HS|  |TS  0|AC  0|TAMS 0x0000000700100000, 0x0000000700100000|
|   2|0x0000000700200000, 0x0000000700300000, 0x0000000700300000|100%|HC|  |TS  0|AC  0|TAMS 0x0000000700200000, 0x0000000700200000|
|   3|0x0000000700300000, 0x0000000700400000, 0x0000000700400000|100%|HS|  |TS  0|AC  0|TAMS 0x0000000700300000, 0x0000000700300000|
|   4|0x0000000700400000, 0x00000007004ffff8, 0x0000000700500000| 99%| O|  |TS  0|AC  0|TAMS 0x0000000700400000, 0x0000000700400000|
|   5|0x0000000700500000, 0x00000007005ffe00, 0x0000000700600000| 99%| O|  |TS  0|AC  0|TAMS 0x0000000700500000, 0x0000000700500000|
|   6|0x0000000700600000, 0x00000007006fffd8, 0x0000000700700000| 99%| O|  |TS  0|AC  0|TAMS 0x0000000700600000, 0x0000000700600000|
|   7|0x0000000700700000, 0x00000007007efdf8, 0x0000000700800000| 93%| O|  |TS  0|AC  0|TAMS 0x0000000700700000, 0x0000000700700000|
|   8|0x0000000700800000, 0x00000007008fffe0, 0x0000000700900000| 99%| O|  |TS  0|AC  0|TAMS 0x0000000700800000, 0x0000000700800000|
|   9|0x0000000700900000, 0x00000007009fffe8, 0x0000000700a00000| 99%| O|  |TS  0|AC  0|TAMS 0x0000000700900000, 0x0000000700900000|
|  10|0x0000000700a00000, 0x0000000700af1588, 0x0000000700b00000| 94%| O|  |TS  0|AC  0|TAMS 0x0000000700a00000, 0x0000000700a00000|
|  11|0x0000000700b00000, 0x0000000700bd1ae0, 0x0000000700c00000| 81%| O|  |TS  0|AC  0|TAMS 0x0000000700b00000, 0x0000000700b00000|
|  12|0x0000000700c00000, 0x0000000700cdc850, 0x0000000700d00000| 86%| O|  |TS  0|AC  0|TAMS 0x0000000700c00000, 0x0000000700c00000|
|  13|0x0000000700d00000, 0x0000000700dfca98, 0x0000000700e00000| 98%| O|  |TS  0|AC  0|TAMS 0x0000000700d00000, 0x0000000700d00000|
|  14|0x0000000700e00000, 0x0000000700effff0, 0x0000000700f00000| 99%| O|  |TS  0|AC  0|TAMS 0x0000000700e00000, 0x0000000700e00000|
|  15|0x0000000700f00000, 0x0000000700fffff0, 0x0000000701000000| 99%| O|  |TS  0|AC  0|TAMS 0x0000000700f00000, 0x0000000700f00000|
|  16|0x0000000701000000, 0x00000007010fffe0, 0x0000000701100000| 99%| O|  |TS  0|AC  0|TAMS 0x0000000701000000, 0x0000000701000000|
|  17|0x0000000701100000, 0x00000007011ffff8, 0x0000000701200000| 99%| O|  |TS  0|AC  0|TAMS 0x0000000701100000, 0x0000000701100000|
|  18|0x0000000701200000, 0x00000007012ffff0, 0x0000000701300000| 99%| O|  |TS  0|AC  0|TAMS 0x0000000701200000, 0x0000000701200000|
|  19|0x0000000701300000, 0x00000007013fffe0, 0x0000000701400000| 99%| O|  |TS  0|AC  0|TAMS 0x0000000701300000, 0x0000000701300000|
|  20|0x0000000701400000, 0x00000007014fffe8, 0x0000000701500000| 99%| O|  |TS  0|AC  0|TAMS 0x0000000701400000, 0x0000000701400000|
|  21|0x0000000701500000, 0x00000007015ffff8, 0x0000000701600000| 99%| O|  |TS  0|AC  0|TAMS 0x0000000701500000, 0x0000000701500000|
|  22|0x0000000701600000, 0x0000000701700000, 0x0000000701700000|100%| O|  |TS  0|AC  0|TAMS 0x0000000701600000, 0x0000000701600000|
|  23|0x0000000701700000, 0x00000007017ffec0, 0x0000000701800000| 99%| O|  |TS  0|AC  0|TAMS 0x0000000701700000, 0x0000000701700000|
|  24|0x0000000701800000, 0x0000000701900000, 0x0000000701900000|100%| O|  |TS  0|AC  0|TAMS 0x0000000701800000, 0x0000000701800000|
|  25|0x0000000701900000, 0x00000007019fffd0, 0x0000000701a00000| 99%| O|  |TS  0|AC  0|TAMS 0x0000000701900000, 0x0000000701900000|
|  26|0x0000000701a00000, 0x0000000701affda0, 0x0000000701b00000| 99%| O|  |TS  0|AC  0|TAMS 0x0000000701a00000, 0x0000000701a00000|
|  27|0x0000000701b00000, 0x0000000701bfffe0, 0x0000000701c00000| 99%| O|  |TS  0|AC  0|TAMS 0x0000000701b00000, 0x0000000701b00000|
|  28|0x0000000701c00000, 0x0000000701d00000, 0x0000000701d00000|100%| O|  |TS  0|AC  0|TAMS 0x0000000701c00000, 0x0000000701c00000|
|  29|0x0000000701d00000, 0x0000000701dffe90, 0x0000000701e00000| 99%| O|  |TS  0|AC  0|TAMS 0x0000000701d00000, 0x0000000701d00000|
|  30|0x0000000701e00000, 0x0000000701effff8, 0x0000000701f00000| 99%| O|  |TS  0|AC  0|TAMS 0x0000000701e00000, 0x0000000701e00000|
|  31|0x0000000701f00000, 0x0000000702000000, 0x0000000702000000|100%| O|  |TS  0|AC  0|TAMS 0x0000000701f00000, 0x0000000701f00000|
|  32|0x0000000702000000, 0x00000007020fffb8, 0x0000000702100000| 99%| O|  |TS  0|AC  0|TAMS 0x0000000702000000, 0x0000000702000000|
|  33|0x0000000702100000, 0x00000007021fff40, 0x0000000702200000| 99%| O|  |TS  0|AC  0|TAMS 0x0000000702100000, 0x0000000702100000|
|  34|0x0000000702200000, 0x0000000702300000, 0x0000000702300000|100%| O|  |TS  0|AC  0|TAMS 0x0000000702200000, 0x0000000702200000|
|  35|0x0000000702300000, 0x0000000702400000, 0x0000000702400000|100%| O|  |TS  0|AC  0|TAMS 0x0000000702300000, 0x0000000702300000|
|  36|0x0000000702400000, 0x00000007024fffb8, 0x0000000702500000| 99%| O|  |TS  0|AC  0|TAMS 0x0000000702400000, 0x0000000702400000|
|  37|0x0000000702500000, 0x00000007025ffff8, 0x0000000702600000| 99%| O|  |TS  0|AC  0|TAMS 0x0000000702500000, 0x0000000702500000|
|  38|0x0000000702600000, 0x00000007026fffc8, 0x0000000702700000| 99%| O|  |TS  0|AC  0|TAMS 0x0000000702600000, 0x0000000702600000|
|  39|0x0000000702700000, 0x00000007027ffff0, 0x0000000702800000| 99%| O|  |TS  0|AC  0|TAMS 0x0000000702700000, 0x0000000702700000|
|  40|0x0000000702800000, 0x00000007028ffff8, 0x0000000702900000| 99%| O|  |TS  0|AC  0|TAMS 0x0000000702800000, 0x0000000702800000|
|  41|0x0000000702900000, 0x00000007029fffd8, 0x0000000702a00000| 99%| O|  |TS  0|AC  0|TAMS 0x0000000702900000, 0x0000000702900000|
|  42|0x0000000702a00000, 0x0000000702afffb8, 0x0000000702b00000| 99%| O|  |TS  0|AC  0|TAMS 0x0000000702a00000, 0x0000000702a00000|
|  43|0x0000000702b00000, 0x0000000702bffff8, 0x0000000702c00000| 99%| O|  |TS  0|AC  0|TAMS 0x0000000702b00000, 0x0000000702b00000|
|  44|0x0000000702c00000, 0x0000000702cffff8, 0x0000000702d00000| 99%| O|  |TS  0|AC  0|TAMS 0x0000000702c00000, 0x0000000702c00000|
|  45|0x0000000702d00000, 0x0000000702e00000, 0x0000000702e00000|100%| O|  |TS  0|AC  0|TAMS 0x0000000702d00000, 0x0000000702d00000|
|  46|0x0000000702e00000, 0x0000000702effff8, 0x0000000702f00000| 99%| O|  |TS  0|AC  0|TAMS 0x0000000702e00000, 0x0000000702e00000|
|  47|0x0000000702f00000, 0x0000000702fff410, 0x0000000703000000| 99%| O|  |TS  0|AC  0|TAMS 0x0000000702f00000, 0x0000000702f00000|
|  48|0x0000000703000000, 0x00000007030ffff8, 0x0000000703100000| 99%| O|  |TS  0|AC  0|TAMS 0x0000000703000000, 0x0000000703000000|
|  49|0x0000000703100000, 0x00000007031ffff8, 0x0000000703200000| 99%| O|  |TS  0|AC  0|TAMS 0x0000000703100000, 0x0000000703100000|
|  50|0x0000000703200000, 0x0000000703300000, 0x0000000703300000|100%| O|  |TS  0|AC  0|TAMS 0x0000000703200000, 0x0000000703200000|
|  51|0x0000000703300000, 0x00000007033fffe8, 0x0000000703400000| 99%| O|  |TS  0|AC  0|TAMS 0x0000000703300000, 0x0000000703300000|
|  52|0x0000000703400000, 0x00000007034ffff0, 0x0000000703500000| 99%| O|  |TS  0|AC  0|TAMS 0x0000000703400000, 0x0000000703400000|
|  53|0x0000000703500000, 0x00000007035f9c20, 0x0000000703600000| 97%| O|  |TS  0|AC  0|TAMS 0x0000000703500000, 0x0000000703500000|
|  54|0x0000000703600000, 0x00000007036ffff8, 0x0000000703700000| 99%| O|  |TS  0|AC  0|TAMS 0x0000000703600000, 0x0000000703600000|
|  55|0x0000000703700000, 0x00000007037ffff0, 0x0000000703800000| 99%| O|  |TS  0|AC  0|TAMS 0x0000000703700000, 0x0000000703700000|
|  56|0x0000000703800000, 0x00000007038ffff0, 0x0000000703900000| 99%| O|  |TS  0|AC  0|TAMS 0x0000000703800000, 0x0000000703800000|
|  57|0x0000000703900000, 0x0000000703a00000, 0x0000000703a00000|100%| O|  |TS  0|AC  0|TAMS 0x0000000703900000, 0x0000000703900000|
|  58|0x0000000703a00000, 0x0000000703afffe0, 0x0000000703b00000| 99%| O|  |TS  0|AC  0|TAMS 0x0000000703a00000, 0x0000000703a00000|
|  59|0x0000000703b00000, 0x0000000703bfffe0, 0x0000000703c00000| 99%| O|  |TS  0|AC  0|TAMS 0x0000000703b00000, 0x0000000703b00000|
|  60|0x0000000703c00000, 0x0000000703d00000, 0x0000000703d00000|100%|HS|  |TS  0|AC  0|TAMS 0x0000000703c00000, 0x0000000703c00000|
|  61|0x0000000703d00000, 0x0000000703e00000, 0x0000000703e00000|100%|HC|  |TS  0|AC  0|TAMS 0x0000000703d00000, 0x0000000703d00000|
|  62|0x0000000703e00000, 0x0000000703f00000, 0x0000000703f00000|100%|HC|  |TS  0|AC  0|TAMS 0x0000000703e00000, 0x0000000703e00000|
|  63|0x0000000703f00000, 0x0000000704000000, 0x0000000704000000|100%|HC|  |TS  0|AC  0|TAMS 0x0000000703f00000, 0x0000000703f00000|
|  64|0x0000000704000000, 0x0000000704100000, 0x0000000704100000|100%|HC|  |TS  0|AC  0|TAMS 0x0000000704000000, 0x0000000704000000|
|  65|0x0000000704100000, 0x0000000704200000, 0x0000000704200000|100%|HC|  |TS  0|AC  0|TAMS 0x0000000704100000, 0x0000000704100000|
|  66|0x0000000704200000, 0x0000000704300000, 0x0000000704300000|100%|HC|  |TS  0|AC  0|TAMS 0x0000000704200000, 0x0000000704200000|
|  67|0x0000000704300000, 0x0000000704400000, 0x0000000704400000|100%|HC|  |TS  0|AC  0|TAMS 0x0000000704300000, 0x0000000704300000|
|  68|0x0000000704400000, 0x00000007044ffff8, 0x0000000704500000| 99%| O|  |TS  0|AC  0|TAMS 0x0000000704400000, 0x0000000704400000|
|  69|0x0000000704500000, 0x0000000704600000, 0x0000000704600000|100%| O|  |TS  0|AC  0|TAMS 0x0000000704500000, 0x0000000704500000|
|  70|0x0000000704600000, 0x00000007046fffe8, 0x0000000704700000| 99%| O|  |TS  0|AC  0|TAMS 0x0000000704600000, 0x0000000704600000|
|  71|0x0000000704700000, 0x00000007047ffff0, 0x0000000704800000| 99%| O|  |TS  0|AC  0|TAMS 0x0000000704700000, 0x0000000704700000|
|  72|0x0000000704800000, 0x00000007048ffff8, 0x0000000704900000| 99%| O|  |TS  0|AC  0|TAMS 0x0000000704800000, 0x0000000704800000|
|  73|0x0000000704900000, 0x00000007049ffff8, 0x0000000704a00000| 99%| O|  |TS  0|AC  0|TAMS 0x0000000704900000, 0x0000000704900000|
|  74|0x0000000704a00000, 0x0000000704afffe8, 0x0000000704b00000| 99%| O|  |TS  0|AC  0|TAMS 0x0000000704a00000, 0x0000000704a00000|
|  75|0x0000000704b00000, 0x0000000704bffff0, 0x0000000704c00000| 99%| O|  |TS  0|AC  0|TAMS 0x0000000704b00000, 0x0000000704b00000|
|  76|0x0000000704c00000, 0x0000000704cffff0, 0x0000000704d00000| 99%| O|  |TS  0|AC  0|TAMS 0x0000000704c00000, 0x0000000704c00000|
|  77|0x0000000704d00000, 0x0000000704dfffd8, 0x0000000704e00000| 99%| O|  |TS  0|AC  0|TAMS 0x0000000704d00000, 0x0000000704d00000|
|  78|0x0000000704e00000, 0x0000000704efffe0, 0x0000000704f00000| 99%| O|  |TS  0|AC  0|TAMS 0x0000000704e00000, 0x0000000704e00000|
|  79|0x0000000704f00000, 0x0000000704ffff78, 0x0000000705000000| 99%| O|  |TS  0|AC  0|TAMS 0x0000000704f00000, 0x0000000704f00000|
|  80|0x0000000705000000, 0x00000007050ffe90, 0x0000000705100000| 99%| O|  |TS  0|AC  0|TAMS 0x0000000705000000, 0x0000000705000000|
|  81|0x0000000705100000, 0x00000007051fffe8, 0x0000000705200000| 99%| O|  |TS  0|AC  0|TAMS 0x0000000705100000, 0x0000000705100000|
|  82|0x0000000705200000, 0x00000007052d57e0, 0x0000000705300000| 83%| O|  |TS  0|AC  0|TAMS 0x0000000705200000, 0x0000000705200000|
|  83|0x0000000705300000, 0x00000007053ffff8, 0x0000000705400000| 99%| O|  |TS  0|AC  0|TAMS 0x0000000705300000, 0x0000000705300000|
|  84|0x0000000705400000, 0x00000007054ffff8, 0x0000000705500000| 99%| O|  |TS  0|AC  0|TAMS 0x0000000705400000, 0x0000000705400000|
|  85|0x0000000705500000, 0x00000007055fe638, 0x0000000705600000| 99%| O|  |TS  0|AC  0|TAMS 0x0000000705500000, 0x0000000705500000|
|  86|0x0000000705600000, 0x00000007056ffff8, 0x0000000705700000| 99%| O|  |TS  0|AC  0|TAMS 0x0000000705600000, 0x0000000705600000|
|  87|0x0000000705700000, 0x0000000705800000, 0x0000000705800000|100%|HS|  |TS  0|AC  0|TAMS 0x0000000705700000, 0x0000000705700000|
|  88|0x0000000705800000, 0x0000000705900000, 0x0000000705900000|100%|HC|  |TS  0|AC  0|TAMS 0x0000000705800000, 0x0000000705800000|
|  89|0x0000000705900000, 0x0000000705a00000, 0x0000000705a00000|100%|HC|  |TS  0|AC  0|TAMS 0x0000000705900000, 0x0000000705900000|
|  90|0x0000000705a00000, 0x0000000705afffe8, 0x0000000705b00000| 99%| O|  |TS  0|AC  0|TAMS 0x0000000705a00000, 0x0000000705a00000|
|  91|0x0000000705b00000, 0x0000000705bfff98, 0x0000000705c00000| 99%| O|  |TS  0|AC  0|TAMS 0x0000000705b00000, 0x0000000705b00000|
|  92|0x0000000705c00000, 0x0000000705cffff0, 0x0000000705d00000| 99%| O|  |TS  0|AC  0|TAMS 0x0000000705c00000, 0x0000000705c00000|
|  93|0x0000000705d00000, 0x0000000705dffe80, 0x0000000705e00000| 99%| O|  |TS  0|AC  0|TAMS 0x0000000705d00000, 0x0000000705d00000|
|  94|0x0000000705e00000, 0x0000000705effe98, 0x0000000705f00000| 99%| O|  |TS  0|AC  0|TAMS 0x0000000705e00000, 0x0000000705e00000|
|  95|0x0000000705f00000, 0x0000000706000000, 0x0000000706000000|100%| O|  |TS  0|AC  0|TAMS 0x0000000705f00000, 0x0000000705f00000|
|  96|0x0000000706000000, 0x00000007060dc758, 0x0000000706100000| 86%| O|  |TS  0|AC  0|TAMS 0x0000000706000000, 0x0000000706000000|
|  97|0x0000000706100000, 0x00000007061ffff8, 0x0000000706200000| 99%| O|  |TS  0|AC  0|TAMS 0x0000000706100000, 0x0000000706100000|
|  98|0x0000000706200000, 0x0000000706300000, 0x0000000706300000|100%| O|  |TS  0|AC  0|TAMS 0x0000000706200000, 0x0000000706200000|
|  99|0x0000000706300000, 0x00000007063fffe8, 0x0000000706400000| 99%| O|  |TS  0|AC  0|TAMS 0x0000000706300000, 0x0000000706300000|
| 100|0x0000000706400000, 0x00000007064ffff8, 0x0000000706500000| 99%| O|  |TS  0|AC  0|TAMS 0x0000000706400000, 0x0000000706400000|
| 101|0x0000000706500000, 0x00000007065fe380, 0x0000000706600000| 99%| O|  |TS  0|AC  0|TAMS 0x0000000706500000, 0x0000000706500000|
| 102|0x0000000706600000, 0x00000007066ffff0, 0x0000000706700000| 99%| O|  |TS  0|AC  0|TAMS 0x0000000706600000, 0x0000000706600000|
| 103|0x0000000706700000, 0x00000007067fffd8, 0x0000000706800000| 99%| O|  |TS  0|AC  0|TAMS 0x0000000706700000, 0x0000000706700000|
| 104|0x0000000706800000, 0x00000007068ffff8, 0x0000000706900000| 99%| O|  |TS  0|AC  0|TAMS 0x0000000706800000, 0x0000000706800000|
| 105|0x0000000706900000, 0x000000070690a270, 0x0000000706a00000|  3%| O|  |TS  0|AC  0|TAMS 0x0000000706900000, 0x0000000706900000|
| 106|0x0000000706a00000, 0x0000000706b00000, 0x0000000706b00000|100%|HS|  |TS  0|AC  0|TAMS 0x0000000706a00000, 0x0000000706a00000|
| 107|0x0000000706b00000, 0x0000000706c00000, 0x0000000706c00000|100%|HC|  |TS  0|AC  0|TAMS 0x0000000706b00000, 0x0000000706b00000|
| 108|0x0000000706c00000, 0x0000000706d00000, 0x0000000706d00000|100%|HC|  |TS  0|AC  0|TAMS 0x0000000706c00000, 0x0000000706c00000|
| 109|0x0000000706d00000, 0x0000000706e00000, 0x0000000706e00000|100%|HC|  |TS  0|AC  0|TAMS 0x0000000706d00000, 0x0000000706d00000|
| 110|0x0000000706e00000, 0x0000000706f00000, 0x0000000706f00000|100%|HS|  |TS  0|AC  0|TAMS 0x0000000706e00000, 0x0000000706e00000|
| 111|0x0000000706f00000, 0x0000000707000000, 0x0000000707000000|100%|HC|  |TS  0|AC  0|TAMS 0x0000000706f00000, 0x0000000706f00000|
| 112|0x0000000707000000, 0x0000000707100000, 0x0000000707100000|100%|HC|  |TS  0|AC  0|TAMS 0x0000000707000000, 0x0000000707000000|
| 113|0x0000000707100000, 0x0000000707200000, 0x0000000707200000|100%|HC|  |TS  0|AC  0|TAMS 0x0000000707100000, 0x0000000707100000|
| 114|0x0000000707200000, 0x0000000707300000, 0x0000000707300000|100%|HC|  |TS  0|AC  0|TAMS 0x0000000707200000, 0x0000000707200000|
| 115|0x0000000707300000, 0x0000000707400000, 0x0000000707400000|100%|HS|  |TS  0|AC  0|TAMS 0x0000000707300000, 0x0000000707300000|
| 116|0x0000000707400000, 0x0000000707500000, 0x0000000707500000|100%|HC|  |TS  0|AC  0|TAMS 0x0000000707400000, 0x0000000707400000|
| 117|0x0000000707500000, 0x0000000707600000, 0x0000000707600000|100%|HC|  |TS  0|AC  0|TAMS 0x0000000707500000, 0x0000000707500000|
| 118|0x0000000707600000, 0x0000000707700000, 0x0000000707700000|100%|HC|  |TS  0|AC  0|TAMS 0x0000000707600000, 0x0000000707600000|
| 119|0x0000000707700000, 0x0000000707800000, 0x0000000707800000|100%|HC|  |TS  0|AC  0|TAMS 0x0000000707700000, 0x0000000707700000|
| 120|0x0000000707800000, 0x0000000707800000, 0x0000000707900000|  0%| F|  |TS  0|AC  0|TAMS 0x0000000707800000, 0x0000000707800000|
| 121|0x0000000707900000, 0x0000000707900000, 0x0000000707a00000|  0%| F|  |TS  0|AC  0|TAMS 0x0000000707900000, 0x0000000707900000|
| 122|0x0000000707a00000, 0x0000000707a00000, 0x0000000707b00000|  0%| F|  |TS  0|AC  0|TAMS 0x0000000707a00000, 0x0000000707a00000|
| 123|0x0000000707b00000, 0x0000000707b00000, 0x0000000707c00000|  0%| F|  |TS  0|AC  0|TAMS 0x0000000707b00000, 0x0000000707b00000|
| 124|0x0000000707c00000, 0x0000000707c00000, 0x0000000707d00000|  0%| F|  |TS  0|AC  0|TAMS 0x0000000707c00000, 0x0000000707c00000|
| 125|0x0000000707d00000, 0x0000000707d00000, 0x0000000707e00000|  0%| F|  |TS  0|AC  0|TAMS 0x0000000707d00000, 0x0000000707d00000|
| 126|0x0000000707e00000, 0x0000000707e00000, 0x0000000707f00000|  0%| F|  |TS  0|AC  0|TAMS 0x0000000707e00000, 0x0000000707e00000|
| 127|0x0000000707f00000, 0x0000000707f00000, 0x0000000708000000|  0%| F|  |TS  0|AC  0|TAMS 0x0000000707f00000, 0x0000000707f00000|
| 128|0x0000000708000000, 0x0000000708000000, 0x0000000708100000|  0%| F|  |TS  0|AC  0|TAMS 0x0000000708000000, 0x0000000708000000|
| 129|0x0000000708100000, 0x0000000708100000, 0x0000000708200000|  0%| F|  |TS  0|AC  0|TAMS 0x0000000708100000, 0x0000000708100000|
| 130|0x0000000708200000, 0x0000000708200000, 0x0000000708300000|  0%| F|  |TS  0|AC  0|TAMS 0x0000000708200000, 0x0000000708200000|
| 131|0x0000000708300000, 0x0000000708300000, 0x0000000708400000|  0%| F|  |TS  0|AC  0|TAMS 0x0000000708300000, 0x0000000708300000|
| 132|0x0000000708400000, 0x0000000708400000, 0x0000000708500000|  0%| F|  |TS  0|AC  0|TAMS 0x0000000708400000, 0x0000000708400000|
| 133|0x0000000708500000, 0x0000000708500000, 0x0000000708600000|  0%| F|  |TS  0|AC  0|TAMS 0x0000000708500000, 0x0000000708500000|
| 134|0x0000000708600000, 0x0000000708600000, 0x0000000708700000|  0%| F|  |TS  0|AC  0|TAMS 0x0000000708600000, 0x0000000708600000|
| 135|0x0000000708700000, 0x0000000708700000, 0x0000000708800000|  0%| F|  |TS  0|AC  0|TAMS 0x0000000708700000, 0x0000000708700000|
| 136|0x0000000708800000, 0x0000000708800000, 0x0000000708900000|  0%| F|  |TS  0|AC  0|TAMS 0x0000000708800000, 0x0000000708800000|
| 137|0x0000000708900000, 0x0000000708900000, 0x0000000708a00000|  0%| F|  |TS  0|AC  0|TAMS 0x0000000708900000, 0x0000000708900000|
| 138|0x0000000708a00000, 0x0000000708a00000, 0x0000000708b00000|  0%| F|  |TS  0|AC  0|TAMS 0x0000000708a00000, 0x0000000708a00000|
| 139|0x0000000708b00000, 0x0000000708b00000, 0x0000000708c00000|  0%| F|  |TS  0|AC  0|TAMS 0x0000000708b00000, 0x0000000708b00000|
| 140|0x0000000708c00000, 0x0000000708c00000, 0x0000000708d00000|  0%| F|  |TS  0|AC  0|TAMS 0x0000000708c00000, 0x0000000708c00000|
| 141|0x0000000708d00000, 0x0000000708d00000, 0x0000000708e00000|  0%| F|  |TS  0|AC  0|TAMS 0x0000000708d00000, 0x0000000708d00000|
| 142|0x0000000708e00000, 0x0000000708e00000, 0x0000000708f00000|  0%| F|  |TS  0|AC  0|TAMS 0x0000000708e00000, 0x0000000708e00000|
| 143|0x0000000708f00000, 0x0000000708f00000, 0x0000000709000000|  0%| F|  |TS  0|AC  0|TAMS 0x0000000708f00000, 0x0000000708f00000|
| 144|0x0000000709000000, 0x0000000709000000, 0x0000000709100000|  0%| F|  |TS  0|AC  0|TAMS 0x0000000709000000, 0x0000000709000000|
| 145|0x0000000709100000, 0x0000000709100000, 0x0000000709200000|  0%| F|  |TS  0|AC  0|TAMS 0x0000000709100000, 0x0000000709100000|
| 146|0x0000000709200000, 0x0000000709200000, 0x0000000709300000|  0%| F|  |TS  0|AC  0|TAMS 0x0000000709200000, 0x0000000709200000|
| 147|0x0000000709300000, 0x0000000709300000, 0x0000000709400000|  0%| F|  |TS  0|AC  0|TAMS 0x0000000709300000, 0x0000000709300000|
| 148|0x0000000709400000, 0x0000000709400000, 0x0000000709500000|  0%| F|  |TS  0|AC  0|TAMS 0x0000000709400000, 0x0000000709400000|
| 149|0x0000000709500000, 0x0000000709500000, 0x0000000709600000|  0%| F|  |TS  0|AC  0|TAMS 0x0000000709500000, 0x0000000709500000|
| 150|0x0000000709600000, 0x0000000709600000, 0x0000000709700000|  0%| F|  |TS  0|AC  0|TAMS 0x0000000709600000, 0x0000000709600000|
| 151|0x0000000709700000, 0x0000000709700000, 0x0000000709800000|  0%| F|  |TS  0|AC  0|TAMS 0x0000000709700000, 0x0000000709700000|
| 152|0x0000000709800000, 0x0000000709800000, 0x0000000709900000|  0%| F|  |TS  0|AC  0|TAMS 0x0000000709800000, 0x0000000709800000|
| 153|0x0000000709900000, 0x0000000709900000, 0x0000000709a00000|  0%| F|  |TS  0|AC  0|TAMS 0x0000000709900000, 0x0000000709900000|
| 154|0x0000000709a00000, 0x0000000709a00000, 0x0000000709b00000|  0%| F|  |TS  0|AC  0|TAMS 0x0000000709a00000, 0x0000000709a00000|
| 155|0x0000000709b00000, 0x0000000709b00000, 0x0000000709c00000|  0%| F|  |TS  0|AC  0|TAMS 0x0000000709b00000, 0x0000000709b00000|
| 156|0x0000000709c00000, 0x0000000709c00000, 0x0000000709d00000|  0%| F|  |TS  0|AC  0|TAMS 0x0000000709c00000, 0x0000000709c00000|
| 157|0x0000000709d00000, 0x0000000709d00000, 0x0000000709e00000|  0%| F|  |TS  0|AC  0|TAMS 0x0000000709d00000, 0x0000000709d00000|
| 158|0x0000000709e00000, 0x0000000709e00000, 0x0000000709f00000|  0%| F|  |TS  0|AC  0|TAMS 0x0000000709e00000, 0x0000000709e00000|
| 159|0x0000000709f00000, 0x0000000709f00000, 0x000000070a000000|  0%| F|  |TS  0|AC  0|TAMS 0x0000000709f00000, 0x0000000709f00000|
| 160|0x000000070a000000, 0x000000070a000000, 0x000000070a100000|  0%| F|  |TS  0|AC  0|TAMS 0x000000070a000000, 0x000000070a000000|
| 161|0x000000070a100000, 0x000000070a100000, 0x000000070a200000|  0%| F|  |TS  0|AC  0|TAMS 0x000000070a100000, 0x000000070a100000|
| 162|0x000000070a200000, 0x000000070a200000, 0x000000070a300000|  0%| F|  |TS  0|AC  0|TAMS 0x000000070a200000, 0x000000070a200000|
| 163|0x000000070a300000, 0x000000070a300000, 0x000000070a400000|  0%| F|  |TS  0|AC  0|TAMS 0x000000070a300000, 0x000000070a300000|
| 164|0x000000070a400000, 0x000000070a400000, 0x000000070a500000|  0%| F|  |TS  0|AC  0|TAMS 0x000000070a400000, 0x000000070a400000|
| 165|0x000000070a500000, 0x000000070a500000, 0x000000070a600000|  0%| F|  |TS  0|AC  0|TAMS 0x000000070a500000, 0x000000070a500000|
| 166|0x000000070a600000, 0x000000070a600000, 0x000000070a700000|  0%| F|  |TS  0|AC  0|TAMS 0x000000070a600000, 0x000000070a600000|
| 167|0x000000070a700000, 0x000000070a700000, 0x000000070a800000|  0%| F|  |TS  0|AC  0|TAMS 0x000000070a700000, 0x000000070a700000|
| 168|0x000000070a800000, 0x000000070a800000, 0x000000070a900000|  0%| F|  |TS  0|AC  0|TAMS 0x000000070a800000, 0x000000070a800000|
| 169|0x000000070a900000, 0x000000070a900000, 0x000000070aa00000|  0%| F|  |TS  0|AC  0|TAMS 0x000000070a900000, 0x000000070a900000|
| 170|0x000000070aa00000, 0x000000070aa00000, 0x000000070ab00000|  0%| F|  |TS  0|AC  0|TAMS 0x000000070aa00000, 0x000000070aa00000|
| 171|0x000000070ab00000, 0x000000070ab00000, 0x000000070ac00000|  0%| F|  |TS  0|AC  0|TAMS 0x000000070ab00000, 0x000000070ab00000|
| 172|0x000000070ac00000, 0x000000070ac00000, 0x000000070ad00000|  0%| F|  |TS  0|AC  0|TAMS 0x000000070ac00000, 0x000000070ac00000|
| 173|0x000000070ad00000, 0x000000070ad00000, 0x000000070ae00000|  0%| F|  |TS  0|AC  0|TAMS 0x000000070ad00000, 0x000000070ad00000|
| 174|0x000000070ae00000, 0x000000070ae00000, 0x000000070af00000|  0%| F|  |TS  0|AC  0|TAMS 0x000000070ae00000, 0x000000070ae00000|
| 175|0x000000070af00000, 0x000000070af00000, 0x000000070b000000|  0%| F|  |TS  0|AC  0|TAMS 0x000000070af00000, 0x000000070af00000|
| 176|0x000000070b000000, 0x000000070b000000, 0x000000070b100000|  0%| F|  |TS  0|AC  0|TAMS 0x000000070b000000, 0x000000070b000000|
| 177|0x000000070b100000, 0x000000070b100000, 0x000000070b200000|  0%| F|  |TS  0|AC  0|TAMS 0x000000070b100000, 0x000000070b100000|
| 178|0x000000070b200000, 0x000000070b200000, 0x000000070b300000|  0%| F|  |TS  0|AC  0|TAMS 0x000000070b200000, 0x000000070b200000|
| 179|0x000000070b300000, 0x000000070b300000, 0x000000070b400000|  0%| F|  |TS  0|AC  0|TAMS 0x000000070b300000, 0x000000070b300000|
| 180|0x000000070b400000, 0x000000070b400000, 0x000000070b500000|  0%| F|  |TS  0|AC  0|TAMS 0x000000070b400000, 0x000000070b400000|
| 181|0x000000070b500000, 0x000000070b500000, 0x000000070b600000|  0%| F|  |TS  0|AC  0|TAMS 0x000000070b500000, 0x000000070b500000|
| 182|0x000000070b600000, 0x000000070b600000, 0x000000070b700000|  0%| F|  |TS  0|AC  0|TAMS 0x000000070b600000, 0x000000070b600000|
| 183|0x000000070b700000, 0x000000070b700000, 0x000000070b800000|  0%| F|  |TS  0|AC  0|TAMS 0x000000070b700000, 0x000000070b700000|
| 184|0x000000070b800000, 0x000000070b800000, 0x000000070b900000|  0%| F|  |TS  0|AC  0|TAMS 0x000000070b800000, 0x000000070b800000|
| 185|0x000000070b900000, 0x000000070b900000, 0x000000070ba00000|  0%| F|  |TS  0|AC  0|TAMS 0x000000070b900000, 0x000000070b900000|
| 186|0x000000070ba00000, 0x000000070ba00000, 0x000000070bb00000|  0%| F|  |TS  0|AC  0|TAMS 0x000000070ba00000, 0x000000070ba00000|
| 187|0x000000070bb00000, 0x000000070bb00000, 0x000000070bc00000|  0%| F|  |TS  0|AC  0|TAMS 0x000000070bb00000, 0x000000070bb00000|
| 188|0x000000070bc00000, 0x000000070bc00000, 0x000000070bd00000|  0%| F|  |TS  0|AC  0|TAMS 0x000000070bc00000, 0x000000070bc00000|
| 189|0x000000070bd00000, 0x000000070bd00000, 0x000000070be00000|  0%| F|  |TS  0|AC  0|TAMS 0x000000070bd00000, 0x000000070bd00000|
| 190|0x000000070be00000, 0x000000070be00000, 0x000000070bf00000|  0%| F|  |TS  0|AC  0|TAMS 0x000000070be00000, 0x000000070be00000|
| 191|0x000000070bf00000, 0x000000070bf00000, 0x000000070c000000|  0%| F|  |TS  0|AC  0|TAMS 0x000000070bf00000, 0x000000070bf00000|
| 192|0x000000070c000000, 0x000000070c000000, 0x000000070c100000|  0%| F|  |TS  0|AC  0|TAMS 0x000000070c000000, 0x000000070c000000|
| 193|0x000000070c100000, 0x000000070c100000, 0x000000070c200000|  0%| F|  |TS  0|AC  0|TAMS 0x000000070c100000, 0x000000070c100000|
| 194|0x000000070c200000, 0x000000070c200000, 0x000000070c300000|  0%| F|  |TS  0|AC  0|TAMS 0x000000070c200000, 0x000000070c200000|
| 195|0x000000070c300000, 0x000000070c300000, 0x000000070c400000|  0%| F|  |TS  0|AC  0|TAMS 0x000000070c300000, 0x000000070c300000|
| 196|0x000000070c400000, 0x000000070c400000, 0x000000070c500000|  0%| F|  |TS  0|AC  0|TAMS 0x000000070c400000, 0x000000070c400000|
| 197|0x000000070c500000, 0x000000070c500000, 0x000000070c600000|  0%| F|  |TS  0|AC  0|TAMS 0x000000070c500000, 0x000000070c500000|
| 198|0x000000070c600000, 0x000000070c600000, 0x000000070c700000|  0%| F|  |TS  0|AC  0|TAMS 0x000000070c600000, 0x000000070c600000|
| 199|0x000000070c700000, 0x000000070c700000, 0x000000070c800000|  0%| F|  |TS  0|AC  0|TAMS 0x000000070c700000, 0x000000070c700000|
| 200|0x000000070c800000, 0x000000070c800000, 0x000000070c900000|  0%| F|  |TS  0|AC  0|TAMS 0x000000070c800000, 0x000000070c800000|
| 201|0x000000070c900000, 0x000000070c900000, 0x000000070ca00000|  0%| F|  |TS  0|AC  0|TAMS 0x000000070c900000, 0x000000070c900000|
| 202|0x000000070ca00000, 0x000000070ca00000, 0x000000070cb00000|  0%| F|  |TS  0|AC  0|TAMS 0x000000070ca00000, 0x000000070ca00000|
| 203|0x000000070cb00000, 0x000000070cb00000, 0x000000070cc00000|  0%| F|  |TS  0|AC  0|TAMS 0x000000070cb00000, 0x000000070cb00000|
| 204|0x000000070cc00000, 0x000000070cc00000, 0x000000070cd00000|  0%| F|  |TS  0|AC  0|TAMS 0x000000070cc00000, 0x000000070cc00000|
| 205|0x000000070cd00000, 0x000000070cd00000, 0x000000070ce00000|  0%| F|  |TS  0|AC  0|TAMS 0x000000070cd00000, 0x000000070cd00000|
| 206|0x000000070ce00000, 0x000000070ce00000, 0x000000070cf00000|  0%| F|  |TS  0|AC  0|TAMS 0x000000070ce00000, 0x000000070ce00000|
| 207|0x000000070cf00000, 0x000000070cf00000, 0x000000070d000000|  0%| F|  |TS  0|AC  0|TAMS 0x000000070cf00000, 0x000000070cf00000|
| 208|0x000000070d000000, 0x000000070d000000, 0x000000070d100000|  0%| F|  |TS  0|AC  0|TAMS 0x000000070d000000, 0x000000070d000000|
| 209|0x000000070d100000, 0x000000070d100000, 0x000000070d200000|  0%| F|  |TS  0|AC  0|TAMS 0x000000070d100000, 0x000000070d100000|
| 210|0x000000070d200000, 0x000000070d200000, 0x000000070d300000|  0%| F|  |TS  0|AC  0|TAMS 0x000000070d200000, 0x000000070d200000|
| 211|0x000000070d300000, 0x000000070d300000, 0x000000070d400000|  0%| F|  |TS  0|AC  0|TAMS 0x000000070d300000, 0x000000070d300000|
| 212|0x000000070d400000, 0x000000070d400000, 0x000000070d500000|  0%| F|  |TS  0|AC  0|TAMS 0x000000070d400000, 0x000000070d400000|
| 213|0x000000070d500000, 0x000000070d500000, 0x000000070d600000|  0%| F|  |TS  0|AC  0|TAMS 0x000000070d500000, 0x000000070d500000|
| 214|0x000000070d600000, 0x000000070d600000, 0x000000070d700000|  0%| F|  |TS  0|AC  0|TAMS 0x000000070d600000, 0x000000070d600000|
| 215|0x000000070d700000, 0x000000070d700000, 0x000000070d800000|  0%| F|  |TS  0|AC  0|TAMS 0x000000070d700000, 0x000000070d700000|
| 216|0x000000070d800000, 0x000000070d800000, 0x000000070d900000|  0%| F|  |TS  0|AC  0|TAMS 0x000000070d800000, 0x000000070d800000|
| 217|0x000000070d900000, 0x000000070d900000, 0x000000070da00000|  0%| F|  |TS  0|AC  0|TAMS 0x000000070d900000, 0x000000070d900000|
| 218|0x000000070da00000, 0x000000070da00000, 0x000000070db00000|  0%| F|  |TS  0|AC  0|TAMS 0x000000070da00000, 0x000000070da00000|
| 219|0x000000070db00000, 0x000000070db00000, 0x000000070dc00000|  0%| F|  |TS  0|AC  0|TAMS 0x000000070db00000, 0x000000070db00000|
| 220|0x000000070dc00000, 0x000000070dc00000, 0x000000070dd00000|  0%| F|  |TS  0|AC  0|TAMS 0x000000070dc00000, 0x000000070dc00000|
| 221|0x000000070dd00000, 0x000000070dd00000, 0x000000070de00000|  0%| F|  |TS  0|AC  0|TAMS 0x000000070dd00000, 0x000000070dd00000|
| 222|0x000000070de00000, 0x000000070de00000, 0x000000070df00000|  0%| F|  |TS  0|AC  0|TAMS 0x000000070de00000, 0x000000070de00000|
| 223|0x000000070df00000, 0x000000070df00000, 0x000000070e000000|  0%| F|  |TS  0|AC  0|TAMS 0x000000070df00000, 0x000000070df00000|
| 224|0x000000070e000000, 0x000000070e000000, 0x000000070e100000|  0%| F|  |TS  0|AC  0|TAMS 0x000000070e000000, 0x000000070e000000|
| 225|0x000000070e100000, 0x000000070e100000, 0x000000070e200000|  0%| F|  |TS  0|AC  0|TAMS 0x000000070e100000, 0x000000070e100000|
| 226|0x000000070e200000, 0x000000070e200000, 0x000000070e300000|  0%| F|  |TS  0|AC  0|TAMS 0x000000070e200000, 0x000000070e200000|
| 227|0x000000070e300000, 0x000000070e300000, 0x000000070e400000|  0%| F|  |TS  0|AC  0|TAMS 0x000000070e300000, 0x000000070e300000|
| 228|0x000000070e400000, 0x000000070e400000, 0x000000070e500000|  0%| F|  |TS  0|AC  0|TAMS 0x000000070e400000, 0x000000070e400000|
| 229|0x000000070e500000, 0x000000070e500000, 0x000000070e600000|  0%| F|  |TS  0|AC  0|TAMS 0x000000070e500000, 0x000000070e500000|
| 230|0x000000070e600000, 0x000000070e600000, 0x000000070e700000|  0%| F|  |TS  0|AC  0|TAMS 0x000000070e600000, 0x000000070e600000|
| 231|0x000000070e700000, 0x000000070e700000, 0x000000070e800000|  0%| F|  |TS  0|AC  0|TAMS 0x000000070e700000, 0x000000070e700000|
| 232|0x000000070e800000, 0x000000070e800000, 0x000000070e900000|  0%| F|  |TS  0|AC  0|TAMS 0x000000070e800000, 0x000000070e800000|
| 233|0x000000070e900000, 0x000000070e900000, 0x000000070ea00000|  0%| F|  |TS  0|AC  0|TAMS 0x000000070e900000, 0x000000070e900000|
| 234|0x000000070ea00000, 0x000000070ea00000, 0x000000070eb00000|  0%| F|  |TS  0|AC  0|TAMS 0x000000070ea00000, 0x000000070ea00000|
| 235|0x000000070eb00000, 0x000000070eb00000, 0x000000070ec00000|  0%| F|  |TS  0|AC  0|TAMS 0x000000070eb00000, 0x000000070eb00000|
| 236|0x000000070ec00000, 0x000000070ec00000, 0x000000070ed00000|  0%| F|  |TS  0|AC  0|TAMS 0x000000070ec00000, 0x000000070ec00000|
| 237|0x000000070ed00000, 0x000000070ed00000, 0x000000070ee00000|  0%| F|  |TS  0|AC  0|TAMS 0x000000070ed00000, 0x000000070ed00000|
| 238|0x000000070ee00000, 0x000000070ee00000, 0x000000070ef00000|  0%| F|  |TS  0|AC  0|TAMS 0x000000070ee00000, 0x000000070ee00000|
| 239|0x000000070ef00000, 0x000000070ef00000, 0x000000070f000000|  0%| F|  |TS  0|AC  0|TAMS 0x000000070ef00000, 0x000000070ef00000|
| 240|0x000000070f000000, 0x000000070f000000, 0x000000070f100000|  0%| F|  |TS  0|AC  0|TAMS 0x000000070f000000, 0x000000070f000000|
| 241|0x000000070f100000, 0x000000070f100000, 0x000000070f200000|  0%| F|  |TS  0|AC  0|TAMS 0x000000070f100000, 0x000000070f100000|
| 242|0x000000070f200000, 0x000000070f200000, 0x000000070f300000|  0%| F|  |TS  0|AC  0|TAMS 0x000000070f200000, 0x000000070f200000|
| 243|0x000000070f300000, 0x000000070f300000, 0x000000070f400000|  0%| F|  |TS  0|AC  0|TAMS 0x000000070f300000, 0x000000070f300000|
| 244|0x000000070f400000, 0x000000070f400000, 0x000000070f500000|  0%| F|  |TS  0|AC  0|TAMS 0x000000070f400000, 0x000000070f400000|
| 245|0x000000070f500000, 0x000000070f500000, 0x000000070f600000|  0%| F|  |TS  0|AC  0|TAMS 0x000000070f500000, 0x000000070f500000|
| 246|0x000000070f600000, 0x000000070f600000, 0x000000070f700000|  0%| F|  |TS  0|AC  0|TAMS 0x000000070f600000, 0x000000070f600000|
| 247|0x000000070f700000, 0x000000070f700000, 0x000000070f800000|  0%| F|  |TS  0|AC  0|TAMS 0x000000070f700000, 0x000000070f700000|
| 248|0x000000070f800000, 0x000000070f800000, 0x000000070f900000|  0%| F|  |TS  0|AC  0|TAMS 0x000000070f800000, 0x000000070f800000|
| 249|0x000000070f900000, 0x000000070f900000, 0x000000070fa00000|  0%| F|  |TS  0|AC  0|TAMS 0x000000070f900000, 0x000000070f900000|
| 250|0x000000070fa00000, 0x000000070fa00000, 0x000000070fb00000|  0%| F|  |TS  0|AC  0|TAMS 0x000000070fa00000, 0x000000070fa00000|
| 251|0x000000070fb00000, 0x000000070fb00000, 0x000000070fc00000|  0%| F|  |TS  0|AC  0|TAMS 0x000000070fb00000, 0x000000070fb00000|
| 252|0x000000070fc00000, 0x000000070fc00000, 0x000000070fd00000|  0%| F|  |TS  0|AC  0|TAMS 0x000000070fc00000, 0x000000070fc00000|
| 253|0x000000070fd00000, 0x000000070fd00000, 0x000000070fe00000|  0%| F|  |TS  0|AC  0|TAMS 0x000000070fd00000, 0x000000070fd00000|
| 254|0x000000070fe00000, 0x000000070fe00000, 0x000000070ff00000|  0%| F|  |TS  0|AC  0|TAMS 0x000000070fe00000, 0x000000070fe00000|
| 255|0x000000070ff00000, 0x000000070ff00000, 0x0000000710000000|  0%| F|  |TS  0|AC  0|TAMS 0x000000070ff00000, 0x000000070ff00000|
| 256|0x0000000710000000, 0x0000000710000000, 0x0000000710100000|  0%| F|  |TS  0|AC  0|TAMS 0x0000000710000000, 0x0000000710000000|
| 257|0x0000000710100000, 0x0000000710100000, 0x0000000710200000|  0%| F|  |TS  0|AC  0|TAMS 0x0000000710100000, 0x0000000710100000|
| 258|0x0000000710200000, 0x0000000710200000, 0x0000000710300000|  0%| F|  |TS  0|AC  0|TAMS 0x0000000710200000, 0x0000000710200000|
| 259|0x0000000710300000, 0x0000000710300000, 0x0000000710400000|  0%| F|  |TS  0|AC  0|TAMS 0x0000000710300000, 0x0000000710300000|
| 260|0x0000000710400000, 0x0000000710400000, 0x0000000710500000|  0%| F|  |TS  0|AC  0|TAMS 0x0000000710400000, 0x0000000710400000|
| 261|0x0000000710500000, 0x0000000710500000, 0x0000000710600000|  0%| F|  |TS  0|AC  0|TAMS 0x0000000710500000, 0x0000000710500000|
| 262|0x0000000710600000, 0x0000000710600000, 0x0000000710700000|  0%| F|  |TS  0|AC  0|TAMS 0x0000000710600000, 0x0000000710600000|
| 263|0x0000000710700000, 0x0000000710700000, 0x0000000710800000|  0%| F|  |TS  0|AC  0|TAMS 0x0000000710700000, 0x0000000710700000|
| 264|0x0000000710800000, 0x0000000710800000, 0x0000000710900000|  0%| F|  |TS  0|AC  0|TAMS 0x0000000710800000, 0x0000000710800000|
| 265|0x0000000710900000, 0x0000000710900000, 0x0000000710a00000|  0%| F|  |TS  0|AC  0|TAMS 0x0000000710900000, 0x0000000710900000|
| 266|0x0000000710a00000, 0x0000000710a00000, 0x0000000710b00000|  0%| F|  |TS  0|AC  0|TAMS 0x0000000710a00000, 0x0000000710a00000|
| 267|0x0000000710b00000, 0x0000000710b00000, 0x0000000710c00000|  0%| F|  |TS  0|AC  0|TAMS 0x0000000710b00000, 0x0000000710b00000|
| 268|0x0000000710c00000, 0x0000000710c00000, 0x0000000710d00000|  0%| F|  |TS  0|AC  0|TAMS 0x0000000710c00000, 0x0000000710c00000|
| 269|0x0000000710d00000, 0x0000000710d00000, 0x0000000710e00000|  0%| F|  |TS  0|AC  0|TAMS 0x0000000710d00000, 0x0000000710d00000|
| 270|0x0000000710e00000, 0x0000000710e00000, 0x0000000710f00000|  0%| F|  |TS  0|AC  0|TAMS 0x0000000710e00000, 0x0000000710e00000|
| 271|0x0000000710f00000, 0x0000000710f00000, 0x0000000711000000|  0%| F|  |TS  0|AC  0|TAMS 0x0000000710f00000, 0x0000000710f00000|
| 272|0x0000000711000000, 0x0000000711000000, 0x0000000711100000|  0%| F|  |TS  0|AC  0|TAMS 0x0000000711000000, 0x0000000711000000|
| 273|0x0000000711100000, 0x0000000711100000, 0x0000000711200000|  0%| F|  |TS  0|AC  0|TAMS 0x0000000711100000, 0x0000000711100000|
| 274|0x0000000711200000, 0x0000000711200000, 0x0000000711300000|  0%| F|  |TS  0|AC  0|TAMS 0x0000000711200000, 0x0000000711200000|
| 275|0x0000000711300000, 0x0000000711300000, 0x0000000711400000|  0%| F|  |TS  0|AC  0|TAMS 0x0000000711300000, 0x0000000711300000|
| 276|0x0000000711400000, 0x0000000711400000, 0x0000000711500000|  0%| F|  |TS  0|AC  0|TAMS 0x0000000711400000, 0x0000000711400000|
| 277|0x0000000711500000, 0x0000000711500000, 0x0000000711600000|  0%| F|  |TS  0|AC  0|TAMS 0x0000000711500000, 0x0000000711500000|
| 278|0x0000000711600000, 0x0000000711600000, 0x0000000711700000|  0%| F|  |TS  0|AC  0|TAMS 0x0000000711600000, 0x0000000711600000|
| 279|0x0000000711700000, 0x0000000711700000, 0x0000000711800000|  0%| F|  |TS  0|AC  0|TAMS 0x0000000711700000, 0x0000000711700000|
| 280|0x0000000711800000, 0x0000000711800000, 0x0000000711900000|  0%| F|  |TS  0|AC  0|TAMS 0x0000000711800000, 0x0000000711800000|
| 281|0x0000000711900000, 0x0000000711900000, 0x0000000711a00000|  0%| F|  |TS  0|AC  0|TAMS 0x0000000711900000, 0x0000000711900000|
| 282|0x0000000711a00000, 0x0000000711a00000, 0x0000000711b00000|  0%| F|  |TS  0|AC  0|TAMS 0x0000000711a00000, 0x0000000711a00000|
| 283|0x0000000711b00000, 0x0000000711b00000, 0x0000000711c00000|  0%| F|  |TS  0|AC  0|TAMS 0x0000000711b00000, 0x0000000711b00000|
| 284|0x0000000711c00000, 0x0000000711c00000, 0x0000000711d00000|  0%| F|  |TS  0|AC  0|TAMS 0x0000000711c00000, 0x0000000711c00000|
| 285|0x0000000711d00000, 0x0000000711d00000, 0x0000000711e00000|  0%| F|  |TS  0|AC  0|TAMS 0x0000000711d00000, 0x0000000711d00000|
| 286|0x0000000711e00000, 0x0000000711e00000, 0x0000000711f00000|  0%| F|  |TS  0|AC  0|TAMS 0x0000000711e00000, 0x0000000711e00000|
| 287|0x0000000711f00000, 0x0000000711f45c30, 0x0000000712000000| 27%| E|  |TS  0|AC  0|TAMS 0x0000000711f00000, 0x0000000711f00000|
| 288|0x0000000712000000, 0x0000000712100000, 0x0000000712100000|100%| E|CS|TS  0|AC  0|TAMS 0x0000000712000000, 0x0000000712000000|
| 289|0x0000000712100000, 0x0000000712200000, 0x0000000712200000|100%| E|CS|TS  0|AC  0|TAMS 0x0000000712100000, 0x0000000712100000|
| 290|0x0000000712200000, 0x000000071228b900, 0x0000000712300000| 54%| S|CS|TS  1|AC  0|TAMS 0x0000000712200000, 0x0000000712200000|
| 291|0x0000000712300000, 0x0000000712400000, 0x0000000712400000|100%| E|CS|TS  1|AC  0|TAMS 0x0000000712300000, 0x0000000712300000|
| 292|0x0000000712400000, 0x0000000712500000, 0x0000000712500000|100%| E|CS|TS  1|AC  0|TAMS 0x0000000712400000, 0x0000000712400000|
| 293|0x0000000712500000, 0x0000000712600000, 0x0000000712600000|100%| E|CS|TS  1|AC  0|TAMS 0x0000000712500000, 0x0000000712500000|
| 294|0x0000000712600000, 0x0000000712700000, 0x0000000712700000|100%| E|CS|TS  1|AC  0|TAMS 0x0000000712600000, 0x0000000712600000|
| 295|0x0000000712700000, 0x0000000712800000, 0x0000000712800000|100%| E|CS|TS  1|AC  0|TAMS 0x0000000712700000, 0x0000000712700000|
| 296|0x0000000712800000, 0x0000000712900000, 0x0000000712900000|100%| E|CS|TS  1|AC  0|TAMS 0x0000000712800000, 0x0000000712800000|
| 297|0x0000000712900000, 0x0000000712a00000, 0x0000000712a00000|100%| E|CS|TS  1|AC  0|TAMS 0x0000000712900000, 0x0000000712900000|
| 298|0x0000000712a00000, 0x0000000712b00000, 0x0000000712b00000|100%| E|CS|TS  1|AC  0|TAMS 0x0000000712a00000, 0x0000000712a00000|
| 299|0x0000000712b00000, 0x0000000712c00000, 0x0000000712c00000|100%| E|CS|TS  1|AC  0|TAMS 0x0000000712b00000, 0x0000000712b00000|
| 300|0x0000000712c00000, 0x0000000712d00000, 0x0000000712d00000|100%| E|CS|TS  1|AC  0|TAMS 0x0000000712c00000, 0x0000000712c00000|
| 301|0x0000000712d00000, 0x0000000712e00000, 0x0000000712e00000|100%| E|CS|TS  1|AC  0|TAMS 0x0000000712d00000, 0x0000000712d00000|
| 302|0x0000000712e00000, 0x0000000712f00000, 0x0000000712f00000|100%| E|CS|TS  1|AC  0|TAMS 0x0000000712e00000, 0x0000000712e00000|
| 303|0x0000000712f00000, 0x0000000713000000, 0x0000000713000000|100%| E|CS|TS  1|AC  0|TAMS 0x0000000712f00000, 0x0000000712f00000|
| 304|0x0000000713000000, 0x0000000713100000, 0x0000000713100000|100%| E|CS|TS  1|AC  0|TAMS 0x0000000713000000, 0x0000000713000000|
| 305|0x0000000713100000, 0x0000000713200000, 0x0000000713200000|100%| E|CS|TS  1|AC  0|TAMS 0x0000000713100000, 0x0000000713100000|
| 306|0x0000000713200000, 0x0000000713300000, 0x0000000713300000|100%| E|CS|TS  1|AC  0|TAMS 0x0000000713200000, 0x0000000713200000|
| 307|0x0000000713300000, 0x0000000713400000, 0x0000000713400000|100%| E|CS|TS  1|AC  0|TAMS 0x0000000713300000, 0x0000000713300000|
| 308|0x0000000713400000, 0x0000000713500000, 0x0000000713500000|100%| E|CS|TS  1|AC  0|TAMS 0x0000000713400000, 0x0000000713400000|
| 309|0x0000000713500000, 0x0000000713600000, 0x0000000713600000|100%| E|CS|TS  1|AC  0|TAMS 0x0000000713500000, 0x0000000713500000|
| 310|0x0000000713600000, 0x0000000713700000, 0x0000000713700000|100%| E|CS|TS  1|AC  0|TAMS 0x0000000713600000, 0x0000000713600000|
| 311|0x0000000713700000, 0x0000000713800000, 0x0000000713800000|100%| E|CS|TS  1|AC  0|TAMS 0x0000000713700000, 0x0000000713700000|
| 312|0x0000000713800000, 0x0000000713900000, 0x0000000713900000|100%| E|CS|TS  1|AC  0|TAMS 0x0000000713800000, 0x0000000713800000|
| 313|0x0000000713900000, 0x0000000713a00000, 0x0000000713a00000|100%| E|CS|TS  1|AC  0|TAMS 0x0000000713900000, 0x0000000713900000|
| 314|0x0000000713a00000, 0x0000000713b00000, 0x0000000713b00000|100%| E|CS|TS  1|AC  0|TAMS 0x0000000713a00000, 0x0000000713a00000|
| 315|0x0000000713b00000, 0x0000000713c00000, 0x0000000713c00000|100%| E|CS|TS  1|AC  0|TAMS 0x0000000713b00000, 0x0000000713b00000|
| 316|0x0000000713c00000, 0x0000000713d00000, 0x0000000713d00000|100%| E|CS|TS  1|AC  0|TAMS 0x0000000713c00000, 0x0000000713c00000|
| 317|0x0000000713d00000, 0x0000000713e00000, 0x0000000713e00000|100%| E|CS|TS  1|AC  0|TAMS 0x0000000713d00000, 0x0000000713d00000|
| 318|0x0000000713e00000, 0x0000000713f00000, 0x0000000713f00000|100%| E|CS|TS  1|AC  0|TAMS 0x0000000713e00000, 0x0000000713e00000|
| 319|0x0000000713f00000, 0x0000000714000000, 0x0000000714000000|100%| E|CS|TS  1|AC  0|TAMS 0x0000000713f00000, 0x0000000713f00000|
| 320|0x0000000714000000, 0x0000000714100000, 0x0000000714100000|100%| E|CS|TS  1|AC  0|TAMS 0x0000000714000000, 0x0000000714000000|
| 321|0x0000000714100000, 0x0000000714200000, 0x0000000714200000|100%| E|CS|TS  1|AC  0|TAMS 0x0000000714100000, 0x0000000714100000|
| 322|0x0000000714200000, 0x0000000714300000, 0x0000000714300000|100%| E|CS|TS  1|AC  0|TAMS 0x0000000714200000, 0x0000000714200000|
| 323|0x0000000714300000, 0x0000000714400000, 0x0000000714400000|100%| E|CS|TS  1|AC  0|TAMS 0x0000000714300000, 0x0000000714300000|
| 324|0x0000000714400000, 0x0000000714500000, 0x0000000714500000|100%| E|CS|TS  1|AC  0|TAMS 0x0000000714400000, 0x0000000714400000|
| 325|0x0000000714500000, 0x0000000714600000, 0x0000000714600000|100%| E|CS|TS  1|AC  0|TAMS 0x0000000714500000, 0x0000000714500000|
| 326|0x0000000714600000, 0x0000000714700000, 0x0000000714700000|100%| E|CS|TS  1|AC  0|TAMS 0x0000000714600000, 0x0000000714600000|
| 327|0x0000000714700000, 0x0000000714800000, 0x0000000714800000|100%| E|CS|TS  1|AC  0|TAMS 0x0000000714700000, 0x0000000714700000|
| 328|0x0000000714800000, 0x0000000714900000, 0x0000000714900000|100%| E|CS|TS  1|AC  0|TAMS 0x0000000714800000, 0x0000000714800000|
| 329|0x0000000714900000, 0x0000000714a00000, 0x0000000714a00000|100%| E|CS|TS  1|AC  0|TAMS 0x0000000714900000, 0x0000000714900000|
| 330|0x0000000714a00000, 0x0000000714b00000, 0x0000000714b00000|100%| E|CS|TS  1|AC  0|TAMS 0x0000000714a00000, 0x0000000714a00000|
| 331|0x0000000714b00000, 0x0000000714c00000, 0x0000000714c00000|100%| E|CS|TS  1|AC  0|TAMS 0x0000000714b00000, 0x0000000714b00000|
| 332|0x0000000714c00000, 0x0000000714d00000, 0x0000000714d00000|100%| E|CS|TS  1|AC  0|TAMS 0x0000000714c00000, 0x0000000714c00000|
| 333|0x0000000714d00000, 0x0000000714e00000, 0x0000000714e00000|100%| E|CS|TS  1|AC  0|TAMS 0x0000000714d00000, 0x0000000714d00000|
| 334|0x0000000714e00000, 0x0000000714f00000, 0x0000000714f00000|100%| E|CS|TS  1|AC  0|TAMS 0x0000000714e00000, 0x0000000714e00000|
| 335|0x0000000714f00000, 0x0000000715000000, 0x0000000715000000|100%| E|CS|TS  1|AC  0|TAMS 0x0000000714f00000, 0x0000000714f00000|
| 336|0x0000000715000000, 0x0000000715100000, 0x0000000715100000|100%| E|CS|TS  1|AC  0|TAMS 0x0000000715000000, 0x0000000715000000|

Card table byte_map: [0x000001bb2f4a0000,0x000001bb2faa0000] byte_map_base: 0x000001bb2bca0000

Marking Bits (Prev, Next): (CMBitMap*) 0x000001bb130abdf8, (CMBitMap*) 0x000001bb130abdc0
 Prev Bits: [0x000001bb330a0000, 0x000001bb360a0000)
 Next Bits: [0x000001bb300a0000, 0x000001bb330a0000)

Polling page: 0x000001bb0f130000

CodeHeap 'non-profiled nmethods': size=120000Kb used=23782Kb max_used=25914Kb free=96217Kb
 bounds [0x000001bb26e20000, 0x000001bb28790000, 0x000001bb2e350000]
CodeHeap 'profiled nmethods': size=120000Kb used=46451Kb max_used=49462Kb free=73548Kb
 bounds [0x000001bb1f8f0000, 0x000001bb22990000, 0x000001bb26e20000]
CodeHeap 'non-nmethods': size=5760Kb used=1845Kb max_used=1931Kb free=3914Kb
 bounds [0x000001bb1f350000, 0x000001bb1f5c0000, 0x000001bb1f8f0000]
 total_blobs=36672 nmethods=18853 adapters=1208
 compilation: enabled

Compilation events (10 events):
Event: 3152.419 Thread 0x000001bb16280800 25124       3       ui.views.waveform.w::dXR (11 bytes)
Event: 3152.419 Thread 0x000001bb16280800 nmethod 25124 0x000001bb20d50f90 code [0x000001bb20d51140, 0x000001bb20d51370]
Event: 3152.455 Thread 0x000001bb16280800 25125       3       de.javasoft.plaf.synthetica.painter.SyntheticaPainter::paintComboBoxBorder (81 bytes)
Event: 3152.455 Thread 0x000001bb16280800 nmethod 25125 0x000001bb210cc090 code [0x000001bb210cc2e0, 0x000001bb210ccfa0]
Event: 3152.455 Thread 0x000001bb16280800 25126       3       de.javasoft.plaf.synthetica.painter.ComboBoxPainter::paintComboBoxBorder (56 bytes)
Event: 3152.456 Thread 0x000001bb16280800 nmethod 25126 0x000001bb20eb3190 code [0x000001bb20eb33a0, 0x000001bb20eb3b80]
Event: 3153.704 Thread 0x000001bb16280800 25127       3       javax.swing.plaf.basic.BasicComboPopup$Handler::mouseMoved (56 bytes)
Event: 3153.705 Thread 0x000001bb16280800 nmethod 25127 0x000001bb2105e190 code [0x000001bb2105e3c0, 0x000001bb2105ee00]
Event: 3154.749 Thread 0x000001bb16280800 25128       3       javax.swing.event.ListSelectionEvent::<init> (22 bytes)
Event: 3154.750 Thread 0x000001bb16280800 nmethod 25128 0x000001bb20dfdd90 code [0x000001bb20dfdf60, 0x000001bb20dfe310]

GC Heap History (10 events):
Event: 3095.337 GC heap before
{Heap before GC invocations=403 (full 60):
 garbage-first heap   total 345088K, used 113591K [0x0000000700000000, 0x0000000700100a88, 0x00000007c0000000)
  region size 1024K, 2 young (2048K), 0 survivors (0K)
 Metaspace       used 94586K, capacity 99682K, committed 102272K, reserved 1136640K
  class space    used 13271K, capacity 14171K, committed 14720K, reserved 1048576K
}
Event: 3095.639 GC heap after
{Heap after GC invocations=404 (full 61):
 garbage-first heap   total 345088K, used 111844K [0x0000000700000000, 0x0000000700100a88, 0x00000007c0000000)
  region size 1024K, 0 young (0K), 0 survivors (0K)
 Metaspace       used 94586K, capacity 99682K, committed 102272K, reserved 1136640K
  class space    used 13271K, capacity 14171K, committed 14720K, reserved 1048576K
}
Event: 3096.595 GC heap before
{Heap before GC invocations=404 (full 61):
 garbage-first heap   total 345088K, used 112868K [0x0000000700000000, 0x0000000700100a88, 0x00000007c0000000)
  region size 1024K, 2 young (2048K), 0 survivors (0K)
 Metaspace       used 94586K, capacity 99682K, committed 102272K, reserved 1136640K
  class space    used 13271K, capacity 14171K, committed 14720K, reserved 1048576K
}
Event: 3096.818 GC heap after
{Heap after GC invocations=405 (full 62):
 garbage-first heap   total 345088K, used 111845K [0x0000000700000000, 0x0000000700100a88, 0x00000007c0000000)
  region size 1024K, 0 young (0K), 0 survivors (0K)
 Metaspace       used 94586K, capacity 99682K, committed 102272K, reserved 1136640K
  class space    used 13271K, capacity 14171K, committed 14720K, reserved 1048576K
}
Event: 3096.937 GC heap before
{Heap before GC invocations=405 (full 62):
 garbage-first heap   total 345088K, used 112869K [0x0000000700000000, 0x0000000700100a88, 0x00000007c0000000)
  region size 1024K, 2 young (2048K), 0 survivors (0K)
 Metaspace       used 94586K, capacity 99682K, committed 102272K, reserved 1136640K
  class space    used 13271K, capacity 14171K, committed 14720K, reserved 1048576K
}
Event: 3097.164 GC heap after
{Heap after GC invocations=406 (full 63):
 garbage-first heap   total 345088K, used 111845K [0x0000000700000000, 0x0000000700100a88, 0x00000007c0000000)
  region size 1024K, 0 young (0K), 0 survivors (0K)
 Metaspace       used 94586K, capacity 99682K, committed 102272K, reserved 1136640K
  class space    used 13271K, capacity 14171K, committed 14720K, reserved 1048576K
}
Event: 3101.219 GC heap before
{Heap before GC invocations=406 (full 63):
 garbage-first heap   total 345088K, used 114917K [0x0000000700000000, 0x0000000700100a88, 0x00000007c0000000)
  region size 1024K, 4 young (4096K), 0 survivors (0K)
 Metaspace       used 94586K, capacity 99682K, committed 102272K, reserved 1136640K
  class space    used 13271K, capacity 14171K, committed 14720K, reserved 1048576K
}
Event: 3101.434 GC heap after
{Heap after GC invocations=407 (full 64):
 garbage-first heap   total 345088K, used 111853K [0x0000000700000000, 0x0000000700100a88, 0x00000007c0000000)
  region size 1024K, 0 young (0K), 0 survivors (0K)
 Metaspace       used 94586K, capacity 99682K, committed 102272K, reserved 1136640K
  class space    used 13271K, capacity 14171K, committed 14720K, reserved 1048576K
}
Event: 3147.457 GC heap before
{Heap before GC invocations=407 (full 64):
 garbage-first heap   total 345088K, used 167149K [0x0000000700000000, 0x0000000700100a88, 0x00000007c0000000)
  region size 1024K, 46 young (47104K), 0 survivors (0K)
 Metaspace       used 94586K, capacity 99682K, committed 102272K, reserved 1136640K
  class space    used 13271K, capacity 14171K, committed 14720K, reserved 1048576K
}
Event: 3147.465 GC heap after
{Heap after GC invocations=408 (full 64):
 garbage-first heap   total 345088K, used 121627K [0x0000000700000000, 0x0000000700100a88, 0x00000007c0000000)
  region size 1024K, 1 young (1024K), 1 survivors (1024K)
 Metaspace       used 94586K, capacity 99682K, committed 102272K, reserved 1136640K
  class space    used 13271K, capacity 14171K, committed 14720K, reserved 1048576K
}

Deoptimization events (10 events):
Event: 2819.907 Thread 0x000001bb3a136800 Uncommon trap: reason=unstable_if action=reinterpret pc=0x000001bb27af7064 method=com.jidesoft.grid.CellSpanTable.getCellSpanAt(II)Lcom/jidesoft/grid/CellSpan; @ 20 c2
Event: 2820.042 Thread 0x000001bb3a136800 Uncommon trap: reason=unstable_if action=reinterpret pc=0x000001bb27fd8770 method=ui.frmwork.h.J.a(I[Ljavax/swing/KeyStroke;)V @ 29 c2
Event: 2820.568 Thread 0x000001bb3a136800 Uncommon trap: reason=class_check action=maybe_recompile pc=0x000001bb27eac71c method=javax.swing.tree.AbstractLayoutCache.getNodeDimensions(Ljava/lang/Object;IIZLjava/awt/Rectangle;)Ljava/awt/Rectangle; @ 20 c2
Event: 2820.569 Thread 0x000001bb3a136800 Uncommon trap: reason=class_check action=maybe_recompile pc=0x000001bb27eac71c method=javax.swing.tree.AbstractLayoutCache.getNodeDimensions(Ljava/lang/Object;IIZLjava/awt/Rectangle;)Ljava/awt/Rectangle; @ 20 c2
Event: 2837.691 Thread 0x000001bb3a136800 Uncommon trap: reason=unstable_if action=reinterpret pc=0x000001bb27dd3af0 method=java.lang.StringCoding.hasNegatives([BII)Z @ 12 c2
Event: 3060.403 Thread 0x000001bb3a136800 Uncommon trap: reason=unstable_if action=reinterpret pc=0x000001bb2750ac5c method=ui.views.c.w.a.fiH()Lui/views/waveform/w; @ 14 c2
Event: 3070.412 Thread 0x000001bb3a136800 Uncommon trap: reason=unstable_if action=reinterpret pc=0x000001bb27cbea34 method=sun.util.locale.LocaleObjectCache.cleanStaleEntries()V @ 12 c2
Event: 3070.412 Thread 0x000001bb3a136800 Uncommon trap: reason=unstable_if action=reinterpret pc=0x000001bb27ad8c78 method=java.util.ResourceBundle.findBundle(Ljava/lang/Module;Ljava/lang/Module;Ljava/util/ResourceBundle$CacheKey;Ljava/util/List;Ljava/util/List;ILjava/util/ResourceBundle$Control
Event: 3094.279 Thread 0x000001bb3a136800 Uncommon trap: reason=unstable_if action=reinterpret pc=0x000001bb2741f484 method=sun.java2d.pipe.SpanShapeRenderer.renderRect(Lsun/java2d/SunGraphics2D;Ljava/awt/geom/Rectangle2D;)V @ 57 c2
Event: 3148.649 Thread 0x000001bb3a136800 Uncommon trap: reason=class_check action=maybe_recompile pc=0x000001bb27f0bae0 method=com.jidesoft.docking.DockableFrame.isActive()Z @ 21 c2

Classes redefined (0 events):
No events

Internal exceptions (10 events):
Event: 2542.621 Thread 0x000001bb3a136800 Exception <a 'java/lang/NoSuchMethodError'{0x00000007122a7e20}: java.lang.invoke.DelegatingMethodHandle$Holder.reinvoke_L(Ljava/lang/Object;IILjava/lang/Object;Ljava/lang/Object;Ljava/lang/Object;ILjava/lang/Object;)Ljava/lang/Object;> (0x00000007122a7e20
Event: 2671.385 Thread 0x000001bb629c3800 Exception <a 'ui/frmwork/CommandFailedException'{0x0000000714be61b0}> (0x0000000714be61b0) thrown at [t:/workspace/hotspot/src/share/vm/prims/jni.cpp, line 604]
Event: 2671.404 Thread 0x000001bb3a136800 Implicit null exception at 0x000001bb276fd2d4 to 0x000001bb276fdbf1
Event: 2672.330 Thread 0x000001bb3a136800 Exception <a 'java/lang/NoSuchMethodError'{0x0000000713fdc0d0}: java.lang.invoke.DirectMethodHandle$Holder.invokeSpecial(Ljava/lang/Object;Ljava/lang/Object;IILjava/lang/Object;ILjava/lang/Object;Ljava/lang/Object;)Ljava/lang/Object;> (0x0000000713fdc0d0)
Event: 2672.330 Thread 0x000001bb3a136800 Exception <a 'java/lang/NoSuchMethodError'{0x0000000713fdfd50}: java.lang.invoke.DelegatingMethodHandle$Holder.reinvoke_L(Ljava/lang/Object;IILjava/lang/Object;ILjava/lang/Object;Ljava/lang/Object;)Ljava/lang/Object;> (0x0000000713fdfd50) thrown at [t:/wo
Event: 2672.332 Thread 0x000001bb3a136800 Exception <a 'java/lang/NoSuchMethodError'{0x0000000713e06c08}: java.lang.invoke.DirectMethodHandle$Holder.invokeSpecial(Ljava/lang/Object;Ljava/lang/Object;Ljava/lang/Object;ILjava/lang/Object;Ljava/lang/Object;)Ljava/lang/Object;> (0x0000000713e06c08) t
Event: 2680.460 Thread 0x000001bb3a136800 Exception <a 'java/lang/NoSuchMethodError'{0x0000000713d73708}: method resolution failed> (0x0000000713d73708) thrown at [t:/workspace/hotspot/src/share/vm/prims/methodHandles.cpp, line 1256]
Event: 2680.460 Thread 0x000001bb3a136800 Exception <a 'java/lang/NoSuchMethodError'{0x0000000713d7aa38}: method resolution failed> (0x0000000713d7aa38) thrown at [t:/workspace/hotspot/src/share/vm/prims/methodHandles.cpp, line 1256]
Event: 2680.461 Thread 0x000001bb3a136800 Exception <a 'java/lang/NoSuchMethodError'{0x0000000713d7ee18}: method resolution failed> (0x0000000713d7ee18) thrown at [t:/workspace/hotspot/src/share/vm/prims/methodHandles.cpp, line 1256]
Event: 2680.646 Thread 0x000001bb3a136800 Implicit null exception at 0x000001bb275a9141 to 0x000001bb275aaba5

Events (10 events):
Event: 3152.212 Thread 0x000001bb629cc800 Thread added: 0x000001bb629cc800
Event: 3152.216 Thread 0x000001bb629cc800 Thread exited: 0x000001bb629cc800
Event: 3153.212 Thread 0x000001bb629cc800 Thread added: 0x000001bb629cc800
Event: 3153.216 Thread 0x000001bb629cc800 Thread exited: 0x000001bb629cc800
Event: 3154.212 Thread 0x000001bb629ce800 Thread added: 0x000001bb629ce800
Event: 3154.217 Thread 0x000001bb629ce800 Thread exited: 0x000001bb629ce800
Event: 3155.213 Thread 0x000001bb629cc800 Thread added: 0x000001bb629cc800
Event: 3155.214 Thread 0x000001bb629cc800 Thread exited: 0x000001bb629cc800
Event: 3156.214 Thread 0x000001bb629ce000 Thread added: 0x000001bb629ce000
Event: 3156.215 Thread 0x000001bb629ce000 Thread exited: 0x000001bb629ce000


Dynamic libraries:
0x00007ff6c3d40000 - 0x00007ff6c3d70000 	C:\Xilinx\Vivado\2018.3\bin\unwrapped\win64.o\vivado.exe
0x00007ff933bd0000 - 0x00007ff933de6000 	C:\WINDOWS\SYSTEM32\ntdll.dll
0x00007ff932b80000 - 0x00007ff932c44000 	C:\WINDOWS\System32\KERNEL32.DLL
0x00007ff931170000 - 0x00007ff931516000 	C:\WINDOWS\System32\KERNELBASE.dll
0x00007ff930f10000 - 0x00007ff931021000 	C:\WINDOWS\System32\ucrtbase.dll
0x00007ff90fd30000 - 0x00007ff90fdbe000 	C:\WINDOWS\SYSTEM32\MSVCP140.dll
0x00007ff90c6a0000 - 0x00007ff90c6b4000 	C:\Xilinx\Vivado\2018.3\lib\win64.o\librdi_commonmain.dll
0x00007ff90c770000 - 0x00007ff90c784000 	C:\Xilinx\Vivado\2018.3\lib\win64.o\libboost_signals.dll
0x00007ff90fdc0000 - 0x00007ff90fddb000 	C:\WINDOWS\SYSTEM32\VCRUNTIME140.dll
0x00007ff8bd710000 - 0x00007ff8be5a4000 	C:\Xilinx\Vivado\2018.3\lib\win64.o\librdi_common.dll
0x00007ff90fc00000 - 0x00007ff90fc0c000 	C:\WINDOWS\SYSTEM32\VCRUNTIME140_1.dll
0x00007ff905580000 - 0x00007ff9055a6000 	C:\Xilinx\Vivado\2018.3\lib\win64.o\libboost_filesystem.dll
0x00007ff932760000 - 0x00007ff93290d000 	C:\WINDOWS\System32\USER32.dll
0x00007ff932910000 - 0x00007ff9329c2000 	C:\WINDOWS\System32\ADVAPI32.dll
0x00007ff931750000 - 0x00007ff931776000 	C:\WINDOWS\System32\win32u.dll
0x00007ff91fee0000 - 0x00007ff91feea000 	C:\Xilinx\Vivado\2018.3\lib\win64.o\librdi_commonversion.dll
0x00007ff933aa0000 - 0x00007ff933b47000 	C:\WINDOWS\System32\msvcrt.dll
0x00007ff9325d0000 - 0x00007ff932678000 	C:\WINDOWS\System32\sechost.dll
0x00007ff933b50000 - 0x00007ff933b79000 	C:\WINDOWS\System32\GDI32.dll
0x00007ff9318f0000 - 0x00007ff931918000 	C:\WINDOWS\System32\bcrypt.dll
0x00007ff931630000 - 0x00007ff931748000 	C:\WINDOWS\System32\gdi32full.dll
0x0000000059c20000 - 0x0000000059d4b000 	C:\Xilinx\Vivado\2018.3\lib\win64.o\tcl85t.dll
0x00007ff932470000 - 0x00007ff932585000 	C:\WINDOWS\System32\RPCRT4.dll
0x00007ff8c0850000 - 0x00007ff8c0971000 	C:\Xilinx\Vivado\2018.3\lib\win64.o\librdi_commonxillic.dll
0x00007ff9321c0000 - 0x00007ff932231000 	C:\WINDOWS\System32\WS2_32.dll
0x00007ff931590000 - 0x00007ff93162a000 	C:\WINDOWS\System32\msvcp_win.dll
0x00007ff932c50000 - 0x00007ff9334ad000 	C:\WINDOWS\System32\SHELL32.dll
0x00007ff8bf070000 - 0x00007ff8bf3de000 	C:\Xilinx\Vivado\2018.3\lib\win64.o\libCOIN-all.dll
0x00007ff8bedb0000 - 0x00007ff8bf065000 	C:\Xilinx\Vivado\2018.3\lib\win64.o\libXil_lmgr11.dll
0x00007ff9339a0000 - 0x00007ff933a99000 	C:\WINDOWS\System32\COMDLG32.dll
0x00007ff905560000 - 0x00007ff905574000 	C:\Xilinx\Vivado\2018.3\lib\win64.o\libboost_date_time.dll
0x00007ff931920000 - 0x00007ff931ca8000 	C:\WINDOWS\System32\combase.dll
0x00007ff8fcfb0000 - 0x00007ff8fd02f000 	C:\Xilinx\Vivado\2018.3\lib\win64.o\libboost_program_options.dll
0x00007ff932240000 - 0x00007ff932333000 	C:\WINDOWS\System32\shcore.dll
0x00007ff8bec90000 - 0x00007ff8beda4000 	C:\Xilinx\Vivado\2018.3\lib\win64.o\libboost_regex.dll
0x00007ff913780000 - 0x00007ff91378b000 	C:\Xilinx\Vivado\2018.3\lib\win64.o\libboost_system.dll
0x00007ff9335d0000 - 0x00007ff93362e000 	C:\WINDOWS\System32\SHLWAPI.dll
0x00007ff905100000 - 0x00007ff905121000 	C:\Xilinx\Vivado\2018.3\lib\win64.o\libboost_thread.dll
0x00007ff910010000 - 0x00007ff91001f000 	C:\Xilinx\Vivado\2018.3\lib\win64.o\libboost_xilinx.dll
0x00007ff8fcac0000 - 0x00007ff8fcb42000 	C:\Xilinx\Vivado\2018.3\lib\win64.o\libhdlpsolve.dll
0x00007ff8c62b0000 - 0x00007ff8c6355000 	C:\Xilinx\Vivado\2018.3\lib\win64.o\libhdxml.dll
0x00007ff905060000 - 0x00007ff90508e000 	C:\Xilinx\Vivado\2018.3\lib\win64.o\libisl_sysinfo.dll
0x00007ff9334b0000 - 0x00007ff933587000 	C:\WINDOWS\System32\OLEAUT32.dll
0x00007ff933630000 - 0x00007ff9337cf000 	C:\WINDOWS\System32\ole32.dll
0x00007ff8fd240000 - 0x00007ff8fd2a5000 	C:\Xilinx\Vivado\2018.3\lib\win64.o\liblmx6.0.dll
0x00007ff931520000 - 0x00007ff93158b000 	C:\WINDOWS\System32\WINTRUST.dll
0x00007ff905540000 - 0x00007ff90555a000 	C:\Xilinx\Vivado\2018.3\lib\win64.o\pthreadVC2.dll
0x00007ff931780000 - 0x00007ff9318e6000 	C:\WINDOWS\System32\CRYPT32.dll
0x00007ff9054d0000 - 0x00007ff9054ec000 	C:\Xilinx\Vivado\2018.3\lib\win64.o\librdiconfig.dll
0x00007ff8ffa90000 - 0x00007ff8ffab1000 	C:\Xilinx\Vivado\2018.3\lib\win64.o\librdizlib.dll
0x00007ff8bcec0000 - 0x00007ff8bd70e600 	C:\Xilinx\Vivado\2018.3\lib\win64.o\libisl_iostreams.dll
0x0000000012000000 - 0x0000000012272000 	C:\Xilinx\Vivado\2018.3\lib\win64.o\xerces-c_3_1.dll
0x00007ff921740000 - 0x00007ff921759000 	C:\WINDOWS\SYSTEM32\NETAPI32.dll
0x00007ff913100000 - 0x00007ff9135f4000 	C:\WINDOWS\SYSTEM32\WININET.dll
0x00007ff926ec0000 - 0x00007ff926ff7000 	C:\WINDOWS\SYSTEM32\WINHTTP.dll
0x00007ff920870000 - 0x00007ff920a60000 	C:\WINDOWS\SYSTEM32\urlmon.dll
0x00007ff905ca0000 - 0x00007ff905ca9000 	C:\WINDOWS\SYSTEM32\WSOCK32.dll
0x00007ff8bc020000 - 0x00007ff8bceb1000 	C:\Xilinx\Vivado\2018.3\lib\win64.o\gurobi65.dll
0x00007ff8fd9f0000 - 0x00007ff8fda21000 	C:\WINDOWS\SYSTEM32\VCOMP140.DLL
0x00007ff90e4f0000 - 0x00007ff90e4fd000 	C:\Xilinx\Vivado\2018.3\lib\win64.o\libboost_chrono.dll
0x00007ff8fc9c0000 - 0x00007ff8fca73000 	C:\WINDOWS\WinSxS\amd64_microsoft.windows.common-controls_6595b64144ccf1df_5.82.22621.2506_none_b43bab19638c9595\COMCTL32.dll
0x00007ff926570000 - 0x00007ff92658f000 	C:\WINDOWS\SYSTEM32\dhcpcsvc.DLL
0x00007ff920560000 - 0x00007ff920588000 	C:\WINDOWS\SYSTEM32\srvcli.dll
0x00007ff901ee0000 - 0x00007ff901efb000 	C:\Xilinx\Vivado\2018.3\lib\win64.o\libboost_iostreams.dll
0x00007ff8fd330000 - 0x00007ff8fd355000 	C:\Xilinx\Vivado\2018.3\lib\win64.o\libisl_iosutils.dll
0x00007ff920590000 - 0x00007ff92084c000 	C:\WINDOWS\SYSTEM32\iertutil.dll
0x00007ff92f980000 - 0x00007ff92f98c000 	C:\WINDOWS\SYSTEM32\netutils.dll
0x00007ff932590000 - 0x00007ff9325c1000 	C:\WINDOWS\System32\IMM32.DLL
0x00007ff930750000 - 0x00007ff930762000 	C:\WINDOWS\SYSTEM32\MSASN1.dll
0x00007ff930000000 - 0x00007ff930018000 	C:\WINDOWS\SYSTEM32\kernel.appcore.dll
0x00007ff8be790000 - 0x00007ff8bec85000 	C:\Xilinx\Vivado\2018.3\lib\win64.o\librdi_commontasks.dll
0x00007ff921c50000 - 0x00007ff921c5a000 	C:\WINDOWS\SYSTEM32\VERSION.dll
0x00007ff8bbda0000 - 0x00007ff8bc01f000 	C:\Xilinx\Vivado\2018.3\lib\win64.o\librdi_sio.dll
0x00007ff92fa40000 - 0x00007ff92fa6d000 	C:\WINDOWS\SYSTEM32\IPHLPAPI.DLL
0x0000000058790000 - 0x00000000591b5000 	C:\Xilinx\Vivado\2018.3\tps\win64\jre9.0.4\bin\server\jvm.dll
0x00007ff9335c0000 - 0x00007ff9335c8000 	C:\WINDOWS\System32\PSAPI.DLL
0x00007ff9234c0000 - 0x00007ff9234f4000 	C:\WINDOWS\SYSTEM32\WINMM.dll
0x00007ff930480000 - 0x00007ff9304e9000 	C:\WINDOWS\SYSTEM32\MSWSOCK.DLL
0x00007ff8bbcb0000 - 0x00007ff8bbd9f000 	C:\WINDOWS\SYSTEM32\MSVCR120.dll
0x00007ff92ee30000 - 0x00007ff92f728000 	C:\WINDOWS\SYSTEM32\windows.storage.dll
0x00007ff92ecf0000 - 0x00007ff92ee2e000 	C:\WINDOWS\SYSTEM32\wintypes.dll
0x00007ff88b290000 - 0x00007ff88d652000 	C:\Xilinx\Vivado\2018.3\lib\win64.o\librdi_tcltasks.dll
0x00007ff8bbb30000 - 0x00007ff8bbcae000 	C:\Xilinx\Vivado\2018.3\lib\win64.o\librdi_board.dll
0x00007ff8fc6a0000 - 0x00007ff8fc70a000 	C:\Xilinx\Vivado\2018.3\lib\win64.o\librdi_boarddep.dll
0x00007ff8bb360000 - 0x00007ff8bb73c000 	C:\Xilinx\Vivado\2018.3\lib\win64.o\librdi_bitstream.dll
0x00007ff8bb970000 - 0x00007ff8bbb29000 	C:\Xilinx\Vivado\2018.3\lib\win64.o\librdi_chipscopeimpl.dll
0x00007ff8c5320000 - 0x00007ff8c53fc000 	C:\Xilinx\Vivado\2018.3\lib\win64.o\librdi_chipscope.dll
0x00007ff889980000 - 0x00007ff88b285000 	C:\Xilinx\Vivado\2018.3\lib\win64.o\librdi_constraints.dll
0x00007ff8bb820000 - 0x00007ff8bb968000 	C:\Xilinx\Vivado\2018.3\lib\win64.o\librdi_containers.dll
0x00007ff8bac80000 - 0x00007ff8bb35a000 	C:\Xilinx\Vivado\2018.3\lib\win64.o\librdi_coregenipxact.dll
0x00007ff887b60000 - 0x00007ff88997f000 	C:\Xilinx\Vivado\2018.3\lib\win64.o\librdi_coregen.dll
0x00007ff8ba960000 - 0x00007ff8bac7b000 	C:\Xilinx\Vivado\2018.3\lib\win64.o\librdi_dlyest.dll
0x00007ff883d60000 - 0x00007ff887b5b000 	C:\Xilinx\Vivado\2018.3\lib\win64.o\librdi_designutils.dll
0x00007ff8ba400000 - 0x00007ff8ba960000 	C:\Xilinx\Vivado\2018.3\lib\win64.o\librdi_drc.dll
0x00007ff8be6c0000 - 0x00007ff8be782000 	C:\Xilinx\Vivado\2018.3\lib\win64.o\librdi_dsp.dll
0x00007ff8ba120000 - 0x00007ff8ba3fa000 	C:\Xilinx\Vivado\2018.3\lib\win64.o\librdi_guitools.dll
0x00007ff8fc250000 - 0x00007ff8fc2ad000 	C:\Xilinx\Vivado\2018.3\lib\win64.o\librdi_hdf.dll
0x00007ff8b1360000 - 0x00007ff8b199f000 	C:\Xilinx\Vivado\2018.3\lib\win64.o\librdi_filemgmt.dll
0x00007ff8f19b0000 - 0x00007ff8f1a21000 	C:\Xilinx\Vivado\2018.3\lib\win64.o\librdi_memoryarray.dll
0x00007ff895780000 - 0x00007ff895d95000 	C:\Xilinx\Vivado\2018.3\lib\win64.o\librdi_memdata.dll
0x00007ff871c60000 - 0x00007ff872ff1000 	C:\Xilinx\Vivado\2018.3\lib\win64.o\librdi_implflow.dll
0x00007ff8fcda0000 - 0x00007ff8fcdf0000 	C:\Xilinx\Vivado\2018.3\lib\win64.o\librdi_pfi.dll
0x00007ff86dc70000 - 0x00007ff86e2ab000 	C:\Xilinx\Vivado\2018.3\lib\win64.o\librdi_netlist.dll
0x00007ff8ad9f0000 - 0x00007ff8adcf7000 	C:\Xilinx\Vivado\2018.3\lib\win64.o\librdi_platform.dll
0x00007ff86b750000 - 0x00007ff86dc64000 	C:\Xilinx\Vivado\2018.3\lib\win64.o\librdi_place.dll
0x00007ff86e2b0000 - 0x00007ff871c5c000 	C:\Xilinx\Vivado\2018.3\lib\win64.o\librdi_mig.dll
0x00007ff86b050000 - 0x00007ff86b745000 	C:\Xilinx\Vivado\2018.3\lib\win64.o\librdi_power.dll
0x00007ff86aaf0000 - 0x00007ff86b046000 	C:\Xilinx\Vivado\2018.3\lib\win64.o\librdi_project.dll
0x00007ff86a410000 - 0x00007ff86aae9000 	C:\Xilinx\Vivado\2018.3\lib\win64.o\librdi_rsb.dll
0x00007ff869d10000 - 0x00007ff86a403000 	C:\Xilinx\Vivado\2018.3\lib\win64.o\librdi_psta.dll
0x00007ff897e10000 - 0x00007ff8981e7000 	C:\Xilinx\Vivado\2018.3\lib\win64.o\librdi_runs.dll
0x00007ff8ba040000 - 0x00007ff8ba118000 	C:\Xilinx\Vivado\2018.3\lib\win64.o\librdi_runsbase.dll
0x00007ff873000000 - 0x00007ff883d52000 	C:\Xilinx\Vivado\2018.3\lib\win64.o\librdi_device.dll
0x00007ff8b1130000 - 0x00007ff8b1358000 	C:\Xilinx\Vivado\2018.3\lib\win64.o\librdi_simdata.dll
0x00007ff8b9ee0000 - 0x00007ff8ba034000 	C:\Xilinx\Vivado\2018.3\lib\win64.o\librdi_advchipscopeimpl.dll
0x00007ff8fb6b0000 - 0x00007ff8fb6fc000 	C:\Xilinx\Vivado\2018.3\lib\win64.o\libboost_serialization.dll
0x00007ff868f80000 - 0x00007ff869d0d000 	C:\Xilinx\Vivado\2018.3\lib\win64.o\librdi_timing.dll
0x00007ff8b9e20000 - 0x00007ff8b9ed8000 	C:\Xilinx\Vivado\2018.3\lib\win64.o\librdi_hip_devdesign.dll
0x00007ff8b9550000 - 0x00007ff8b95fb000 	C:\Xilinx\Vivado\2018.3\lib\win64.o\librdi_ipconfig_readwrite.dll
0x00007ff8fc790000 - 0x00007ff8fc7c8000 	C:\Xilinx\Vivado\2018.3\lib\win64.o\librdi_noc_frameworks.dll
0x00007ff8d5f70000 - 0x00007ff8d600e000 	C:\Xilinx\Vivado\2018.3\lib\win64.o\libise.dll
0x00007ff8964e0000 - 0x00007ff896895000 	C:\Xilinx\Vivado\2018.3\lib\win64.o\librdi_hip_config.dll
0x00007ff867ee0000 - 0x00007ff86842e000 	C:\Xilinx\Vivado\2018.3\lib\win64.o\librdi_xdm.dll
0x00007ff8678f0000 - 0x00007ff867ed4000 	C:\Xilinx\Vivado\2018.3\lib\win64.o\librdi_wavedata.dll
0x00007ff8fad30000 - 0x00007ff8fad79000 	C:\Xilinx\Vivado\2018.3\lib\win64.o\librdi_wavedata_SimpleApi.dll
0x00007ff8d91e0000 - 0x00007ff8d9243000 	C:\Xilinx\Vivado\2018.3\lib\win64.o\librdi_hip_mathengine.dll
0x00007ff868430000 - 0x00007ff868f77000 	C:\Xilinx\Vivado\2018.3\lib\win64.o\libverific.dll
0x00007ff8668e0000 - 0x00007ff8678e2000 	C:\Xilinx\Vivado\2018.3\lib\win64.o\librdi_route.dll

VM Arguments:
jvm_args: -Dsun.java2d.pmoffscreen=false -Dsun.java2d.xrender=false -Dsun.java2d.d3d=false -Dsun.awt.nopixfmt=true -Dsun.java2d.dpiaware=true -Dsun.java2d.uiScale.enabled=false -Xverify:none -Dswing.aatext=true -XX:-UsePerfData -Djdk.map.althashing.threshold=512 -XX:StringTableSize=4072 --add-opens=java.base/java.nio=ALL-UNNAMED --add-opens=java.desktop/sun.swing=ALL-UNNAMED --add-opens=java.desktop/javax.swing=ALL-UNNAMED --add-opens=java.desktop/javax.swing.tree=ALL-UNNAMED --add-opens=java.desktop/javax.swing.plaf.basic=ALL-UNNAMED --add-opens=java.desktop/javax.swing.plaf.synth=ALL-UNNAMED --add-opens=java.desktop/com.sun.awt=ALL-UNNAMED -XX:NewSize=60m -XX:MaxNewSize=60m -Xms128m -Xmx3072m -Xss5m 
java_command: <unknown>
java_class_path (initial): C:/Xilinx/Vivado/2018.3\lib\classes\alloy.jar;C:/Xilinx/Vivado/2018.3\lib\classes\autopilot.scelaborator.jar;C:/Xilinx/Vivado/2018.3\lib\classes\autopilot.sourceprocessor.jar;C:/Xilinx/Vivado/2018.3\lib\classes\autopilot.tbprocessor.jar;C:/Xilinx/Vivado/2018.3\lib\classes\batik-anim.jar;C:/Xilinx/Vivado/2018.3\lib\classes\batik-awt-util.jar;C:/Xilinx/Vivado/2018.3\lib\classes\batik-bridge.jar;C:/Xilinx/Vivado/2018.3\lib\classes\batik-codec.jar;C:/Xilinx/Vivado/2018.3\lib\classes\batik-css.jar;C:/Xilinx/Vivado/2018.3\lib\classes\batik-dom.jar;C:/Xilinx/Vivado/2018.3\lib\classes\batik-ext.jar;C:/Xilinx/Vivado/2018.3\lib\classes\batik-gui-util.jar;C:/Xilinx/Vivado/2018.3\lib\classes\batik-gvt.jar;C:/Xilinx/Vivado/2018.3\lib\classes\batik-parser.jar;C:/Xilinx/Vivado/2018.3\lib\classes\batik-script.jar;C:/Xilinx/Vivado/2018.3\lib\classes\batik-svg-dom.jar;C:/Xilinx/Vivado/2018.3\lib\classes\batik-swing.jar;C:/Xilinx/Vivado/2018.3\lib\classes\batik-transcoder.jar;C:/Xilinx/Vivado/2018.3\lib\classes\batik-util.jar;C:/Xilinx/Vivado/2018.3\lib\classes\batik-xml.jar;C:/Xilinx/Vivado/2018.3\lib\classes\com.ibm.icu_4.4.2.v20110208.jar;C:/Xilinx/Vivado/2018.3\lib\classes\commons-collections4-4.1.jar;C:/Xilinx/Vivado/2018.3\lib\classes\commons-math-2.2.jar;C:/Xilinx/Vivado/2018.3\lib\classes\dom4j-1.6.1.jar;C:/Xilinx/Vivado/2018.3\lib\classes\guava-18.0.jar;C:/Xilinx/Vivado/2018.3\lib\classes\help.jar;C:/Xilinx/Vivado/2018.3\lib\classes\hsqldb.jar;C:/Xilinx/Vivado/2018.3\lib\classes\jargs.jar;C:/Xilinx/Vivado/2018.3\lib\classes\jaxb-api-2.3.0.jar;C:/Xilinx/Vivado/2018.3\lib\classes\jh.jar;C:/Xilinx/Vivado/2018.3\lib\classes\jide-action.jar;C:/Xilinx/Vivado/2018.3\lib\classes\jide-charts.jar;C:/Xilinx/Vivado/2018.3\lib\classes\jide-common.jar;C:/Xilinx/Vivado/2018.3\lib\classes\jide-components.jar;C:/Xilinx/Vivado/2018.3\lib\classes\jide-dashboard.jar;C:/Xilinx/Vivado/2018.3\lib\classes\jide-data.jar;C:/Xilinx/Vivado/2018.3\lib\classes\jide-dialogs.jar
Launcher Type: generic

Logging:
Log output configuration:
#0: stdout all=warning uptime,level,tags
#1: stderr all=off uptime,level,tags

Environment Variables:
PATH=C:/Xilinx/Vivado/2018.3/bin;C:/Xilinx/Vivado/2018.3/lib/win64.o;C:/Xilinx/Vivado/2018.3/tps/win64/jre9.0.4/bin/server;C:/Xilinx/Vivado/2018.3/tps/win64/jre9.0.4/bin;C:/Xilinx/SDK/2018.3/bin;C:/Xilinx/Vivado/2018.3/ids_lite/ISE/bin/nt64;C:/Xilinx/Vivado/2018.3/ids_lite/ISE/lib/nt64;C:\Program Files\Microsoft MPI\Bin\;C:\WINDOWS\system32;C:\WINDOWS;C:\WINDOWS\System32\Wbem;C:\WINDOWS\System32\WindowsPowerShell\v1.0\;C:\WINDOWS\System32\OpenSSH\;C:\Program Files\PuTTY\;C:\Program Files\Git\cmd;C:\Program Files\MATLAB\R2023b\bin;C:\MinGW\bin;C:\Users\zoege\AppData\Local\Microsoft\WindowsApps;C:\Program Files\JetBrains\CLion 2021.3.2\bin;;C:\Microsoft VS Code\bin;C:\Users\zoege\Downloads\Microsoft VS Code\bin;C:\Program Files\mingw-w64\x86_64-8.1.0-posix-seh-rt_v6-rev0\mingw64\bin;C:\Program Files\JetBrains\PyCharm Community Edition 2023.1\bin;C:\msys64\ucrt64\bin;C:\Users\zoege\AppData\Local\Programs\Microsoft VS Code\bin;C:/Xilinx/Vivado/2018.3\tps\mingw\6.2.0\win64.o\nt\bin;C:/Xilinx/Vivado/2018.3\tps\mingw\6.2.0\win64.o\nt\libexec\gcc\x86_64-w64-mingw32\6.2.0
USERNAME=zoege
OS=Windows_NT
PROCESSOR_IDENTIFIER=Intel64 Family 6 Model 140 Stepping 1, GenuineIntel



---------------  S Y S T E M  ---------------

OS: Windows 10 , 64 bit Build 22621 (10.0.22621.3235)

CPU:total 8 (initial active 8) (4 cores per cpu, 2 threads per core) family 6 model 140 stepping 1, cmov, cx8, fxsr, mmx, sse, sse2, sse3, ssse3, sse4.1, sse4.2, popcnt, avx, avx2, aes, clmul, erms, 3dnowpref, lzcnt, ht, tsc, tscinvbit, bmi1, bmi2, adx, sha, fma

Memory: 4k page, physical 8128504k(963760k free), swap 28051448k(8434644k free)

vm_info: Java HotSpot(TM) 64-Bit Server VM (9.0.4+11) for windows-amd64 JRE (9.0.4+11), built on Dec 20 2017 02:18:54 by "mach5one" with MS VC++ 12.0 (VS2013)

END.
