#-----------------------------------------------------------
# Vivado v2018.3 (64-bit)
# SW Build 2405991 on Thu Dec  6 23:38:27 MST 2018
# IP Build 2404404 on Fri Dec  7 01:43:56 MST 2018
# Start of session at: Tue Apr 30 13:19:33 2024
# Process ID: 11044
# Current directory: C:/Users/Zoe/OneDrive/Documents/ece/8thsemester/dvlsi/Lab6/dvlsi2021_lab5/dvlsi2021_ask5_prj
# Command line: vivado.exe -gui_launcher_event rodinguilauncherevent22472 C:\Users\Zoe\OneDrive\Documents\ece\8thsemester\dvlsi\Lab6\dvlsi2021_lab5\dvlsi2021_ask5_prj\dvlsi2021_ask5_prj.xpr
# Log file: C:/Users/Zoe/OneDrive/Documents/ece/8thsemester/dvlsi/Lab6/dvlsi2021_lab5/dvlsi2021_ask5_prj/vivado.log
# Journal file: C:/Users/Zoe/OneDrive/Documents/ece/8thsemester/dvlsi/Lab6/dvlsi2021_lab5/dvlsi2021_ask5_prj\vivado.jou
#-----------------------------------------------------------
start_gui
open_project C:/Users/Zoe/OneDrive/Documents/ece/8thsemester/dvlsi/Lab6/dvlsi2021_lab5/dvlsi2021_ask5_prj/dvlsi2021_ask5_prj.xpr
INFO: [ProjectBase 1-489] The host OS only allows 260 characters in a normal path. The project is stored in a path with more than 80 characters. If you experience issues with IP, Block Designs, or files not being found, please consider moving the project to a location with a shorter path. Alternately consider using the OS subst command to map part of the path to a drive letter.
Current project path is 'C:/Users/Zoe/OneDrive/Documents/ece/8thsemester/dvlsi/Lab6/dvlsi2021_lab5/dvlsi2021_ask5_prj'
Scanning sources...
Finished scanning sources
INFO: [IP_Flow 19-234] Refreshing IP repositories
INFO: [IP_Flow 19-1704] No user IP repositories specified
INFO: [IP_Flow 19-2313] Loaded Vivado IP repository 'C:/Xilinx/Vivado/2018.3/data/ip'.
open_project: Time (s): cpu = 00:00:09 ; elapsed = 00:00:10 . Memory (MB): peak = 841.777 ; gain = 241.020
update_compile_order -fileset sources_1
create_project ZYBO_getting_started C:/Users/Zoe/OneDrive/Documents/ece/8thsemester/dvlsi/ZYBO_getting_started -part xc7z010clg400-1
INFO: [IP_Flow 19-234] Refreshing IP repositories
INFO: [IP_Flow 19-1704] No user IP repositories specified
INFO: [IP_Flow 19-2313] Loaded Vivado IP repository 'C:/Xilinx/Vivado/2018.3/data/ip'.
create_project: Time (s): cpu = 00:00:04 ; elapsed = 00:00:06 . Memory (MB): peak = 966.289 ; gain = 70.922
set_property board_part digilentinc.com:zybo:part0:2.0 [current_project]
current_project dvlsi2021_ask5_prj
current_project ZYBO_getting_started
set_property target_language VHDL [current_project]
current_project dvlsi2021_ask5_prj
current_project ZYBO_getting_started
current_project dvlsi2021_ask5_prj
current_project ZYBO_getting_started
create_bd_design "design_1"
Wrote  : <C:\Users\Zoe\OneDrive\Documents\ece\8thsemester\dvlsi\ZYBO_getting_started\ZYBO_getting_started.srcs\sources_1\bd\design_1\design_1.bd> 
create_bd_design: Time (s): cpu = 00:00:03 ; elapsed = 00:00:05 . Memory (MB): peak = 1024.535 ; gain = 49.289
update_compile_order -fileset sources_1
startgroup
create_bd_cell -type ip -vlnv xilinx.com:ip:processing_system7:5.5 processing_system7_0
endgroup
apply_bd_automation -rule xilinx.com:bd_rule:processing_system7 -config {make_external "FIXED_IO, DDR" apply_board_preset "1" Master "Disable" Slave "Disable" }  [get_bd_cells processing_system7_0]
startgroup
create_bd_cell -type ip -vlnv xilinx.com:ip:axi_gpio:2.0 axi_gpio_0
endgroup
set_property -dict [list CONFIG.C_IS_DUAL {1}] [get_bd_cells axi_gpio_0]
startgroup
create_bd_cell -type ip -vlnv xilinx.com:ip:axi_gpio:2.0 axi_gpio_1
endgroup
startgroup
apply_bd_automation -rule xilinx.com:bd_rule:axi4 -config { Clk_master {Auto} Clk_slave {Auto} Clk_xbar {Auto} Master {/processing_system7_0/M_AXI_GP0} Slave {/axi_gpio_0/S_AXI} intc_ip {New AXI Interconnect} master_apm {0}}  [get_bd_intf_pins axi_gpio_0/S_AXI]
INFO: [Ipptcl 7-1463] No Compatible Board Interface found. Board Tab not created in customize GUI
</axi_gpio_0/S_AXI/Reg> is being mapped into </processing_system7_0/Data> at <0x41200000 [ 64K ]>
apply_bd_automation -rule xilinx.com:bd_rule:board -config { Board_Interface {btns_4bits ( 4 Buttons ) } Manual_Source {Auto}}  [get_bd_intf_pins axi_gpio_0/GPIO]
INFO: [board_rule 100-100] set_property CONFIG.USE_BOARD_FLOW true [get_bd_cells /axi_gpio_0]
INFO: [board_rule 100-100] set_property CONFIG.GPIO_BOARD_INTERFACE btns_4bits [get_bd_cells /axi_gpio_0]
INFO: [board_rule 100-100] create_bd_intf_port -mode Master -vlnv xilinx.com:interface:gpio_rtl:1.0 btns_4bits
INFO: [board_rule 100-100] connect_bd_intf_net /btns_4bits /axi_gpio_0/GPIO
apply_bd_automation -rule xilinx.com:bd_rule:board -config { Board_Interface {sws_4bits ( 4 Switches ) } Manual_Source {Auto}}  [get_bd_intf_pins axi_gpio_0/GPIO2]
INFO: [board_rule 100-100] set_property CONFIG.GPIO2_BOARD_INTERFACE sws_4bits [get_bd_cells /axi_gpio_0]
INFO: [board_rule 100-100] create_bd_intf_port -mode Master -vlnv xilinx.com:interface:gpio_rtl:1.0 sws_4bits
INFO: [board_rule 100-100] connect_bd_intf_net /sws_4bits /axi_gpio_0/GPIO2
apply_bd_automation -rule xilinx.com:bd_rule:axi4 -config { Clk_master {Auto} Clk_slave {Auto} Clk_xbar {Auto} Master {/processing_system7_0/M_AXI_GP0} Slave {/axi_gpio_1/S_AXI} intc_ip {New AXI Interconnect} master_apm {0}}  [get_bd_intf_pins axi_gpio_1/S_AXI]
</axi_gpio_1/S_AXI/Reg> is being mapped into </processing_system7_0/Data> at <0x41210000 [ 64K ]>
apply_bd_automation -rule xilinx.com:bd_rule:board -config { Board_Interface {leds_4bits ( 4 LEDs ) } Manual_Source {Auto}}  [get_bd_intf_pins axi_gpio_1/GPIO]
INFO: [board_rule 100-100] set_property CONFIG.USE_BOARD_FLOW true [get_bd_cells /axi_gpio_1]
INFO: [board_rule 100-100] set_property CONFIG.GPIO_BOARD_INTERFACE leds_4bits [get_bd_cells /axi_gpio_1]
INFO: [board_rule 100-100] create_bd_intf_port -mode Master -vlnv xilinx.com:interface:gpio_rtl:1.0 leds_4bits
INFO: [board_rule 100-100] connect_bd_intf_net /leds_4bits /axi_gpio_1/GPIO
endgroup
make_wrapper -files [get_files C:/Users/Zoe/OneDrive/Documents/ece/8thsemester/dvlsi/ZYBO_getting_started/ZYBO_getting_started.srcs/sources_1/bd/design_1/design_1.bd] -top
CRITICAL WARNING: [PSU-1]  Parameter : PCW_UIPARAM_DDR_DQS_TO_CLK_DELAY_0 has negative value -0.073 . PS DDR interfaces might fail when entering negative DQS skew values. 
CRITICAL WARNING: [PSU-2]  Parameter : PCW_UIPARAM_DDR_DQS_TO_CLK_DELAY_1 has negative value -0.034 . PS DDR interfaces might fail when entering negative DQS skew values. 
CRITICAL WARNING: [PSU-3]  Parameter : PCW_UIPARAM_DDR_DQS_TO_CLK_DELAY_2 has negative value -0.03 . PS DDR interfaces might fail when entering negative DQS skew values. 
CRITICAL WARNING: [PSU-4]  Parameter : PCW_UIPARAM_DDR_DQS_TO_CLK_DELAY_3 has negative value -0.082 . PS DDR interfaces might fail when entering negative DQS skew values. 
Wrote  : <C:\Users\Zoe\OneDrive\Documents\ece\8thsemester\dvlsi\ZYBO_getting_started\ZYBO_getting_started.srcs\sources_1\bd\design_1\design_1.bd> 
Wrote  : <C:/Users/Zoe/OneDrive/Documents/ece/8thsemester/dvlsi/ZYBO_getting_started/ZYBO_getting_started.srcs/sources_1/bd/design_1/ui/bd_1f5defd0.ui> 
VHDL Output written to : C:/Users/Zoe/OneDrive/Documents/ece/8thsemester/dvlsi/ZYBO_getting_started/ZYBO_getting_started.srcs/sources_1/bd/design_1/synth/design_1.vhd
VHDL Output written to : C:/Users/Zoe/OneDrive/Documents/ece/8thsemester/dvlsi/ZYBO_getting_started/ZYBO_getting_started.srcs/sources_1/bd/design_1/sim/design_1.vhd
VHDL Output written to : C:/Users/Zoe/OneDrive/Documents/ece/8thsemester/dvlsi/ZYBO_getting_started/ZYBO_getting_started.srcs/sources_1/bd/design_1/hdl/design_1_wrapper.vhd
add_files -norecurse C:/Users/Zoe/OneDrive/Documents/ece/8thsemester/dvlsi/ZYBO_getting_started/ZYBO_getting_started.srcs/sources_1/bd/design_1/hdl/design_1_wrapper.vhd
launch_runs impl_1 -to_step write_bitstream -jobs 4
INFO: [BD 41-1662] The design 'design_1.bd' is already validated. Therefore parameter propagation will not be re-run.
Wrote  : <C:/Users/Zoe/OneDrive/Documents/ece/8thsemester/dvlsi/ZYBO_getting_started/ZYBO_getting_started.srcs/sources_1/bd/design_1/ui/bd_1f5defd0.ui> 
VHDL Output written to : C:/Users/Zoe/OneDrive/Documents/ece/8thsemester/dvlsi/ZYBO_getting_started/ZYBO_getting_started.srcs/sources_1/bd/design_1/synth/design_1.vhd
VHDL Output written to : C:/Users/Zoe/OneDrive/Documents/ece/8thsemester/dvlsi/ZYBO_getting_started/ZYBO_getting_started.srcs/sources_1/bd/design_1/sim/design_1.vhd
VHDL Output written to : C:/Users/Zoe/OneDrive/Documents/ece/8thsemester/dvlsi/ZYBO_getting_started/ZYBO_getting_started.srcs/sources_1/bd/design_1/hdl/design_1_wrapper.vhd
INFO: [BD 41-1029] Generation completed for the IP Integrator block processing_system7_0 .
INFO: [BD 41-1029] Generation completed for the IP Integrator block axi_gpio_0 .
INFO: [BD 41-1029] Generation completed for the IP Integrator block axi_gpio_1 .
INFO: [BD 41-1029] Generation completed for the IP Integrator block ps7_0_axi_periph/xbar .
WARNING: [IP_Flow 19-4994] Overwriting existing constraint file 'c:/Users/Zoe/OneDrive/Documents/ece/8thsemester/dvlsi/ZYBO_getting_started/ZYBO_getting_started.srcs/sources_1/bd/design_1/ip/design_1_auto_pc_0/design_1_auto_pc_0_ooc.xdc'
INFO: [BD 41-1029] Generation completed for the IP Integrator block ps7_0_axi_periph/s00_couplers/auto_pc .
INFO: [BD 41-1029] Generation completed for the IP Integrator block rst_ps7_0_100M .
Exporting to file C:/Users/Zoe/OneDrive/Documents/ece/8thsemester/dvlsi/ZYBO_getting_started/ZYBO_getting_started.srcs/sources_1/bd/design_1/hw_handoff/design_1.hwh
Generated Block Design Tcl file C:/Users/Zoe/OneDrive/Documents/ece/8thsemester/dvlsi/ZYBO_getting_started/ZYBO_getting_started.srcs/sources_1/bd/design_1/hw_handoff/design_1_bd.tcl
Generated Hardware Definition File C:/Users/Zoe/OneDrive/Documents/ece/8thsemester/dvlsi/ZYBO_getting_started/ZYBO_getting_started.srcs/sources_1/bd/design_1/synth/design_1.hwdef
[Tue Apr 30 13:30:57 2024] Launched design_1_axi_gpio_0_0_synth_1, design_1_xbar_0_synth_1, design_1_rst_ps7_0_100M_0_synth_1, design_1_processing_system7_0_0_synth_1, design_1_axi_gpio_1_0_synth_1, design_1_auto_pc_0_synth_1, synth_1...
Run output will be captured here:
design_1_axi_gpio_0_0_synth_1: C:/Users/Zoe/OneDrive/Documents/ece/8thsemester/dvlsi/ZYBO_getting_started/ZYBO_getting_started.runs/design_1_axi_gpio_0_0_synth_1/runme.log
design_1_xbar_0_synth_1: C:/Users/Zoe/OneDrive/Documents/ece/8thsemester/dvlsi/ZYBO_getting_started/ZYBO_getting_started.runs/design_1_xbar_0_synth_1/runme.log
design_1_rst_ps7_0_100M_0_synth_1: C:/Users/Zoe/OneDrive/Documents/ece/8thsemester/dvlsi/ZYBO_getting_started/ZYBO_getting_started.runs/design_1_rst_ps7_0_100M_0_synth_1/runme.log
design_1_processing_system7_0_0_synth_1: C:/Users/Zoe/OneDrive/Documents/ece/8thsemester/dvlsi/ZYBO_getting_started/ZYBO_getting_started.runs/design_1_processing_system7_0_0_synth_1/runme.log
design_1_axi_gpio_1_0_synth_1: C:/Users/Zoe/OneDrive/Documents/ece/8thsemester/dvlsi/ZYBO_getting_started/ZYBO_getting_started.runs/design_1_axi_gpio_1_0_synth_1/runme.log
design_1_auto_pc_0_synth_1: C:/Users/Zoe/OneDrive/Documents/ece/8thsemester/dvlsi/ZYBO_getting_started/ZYBO_getting_started.runs/design_1_auto_pc_0_synth_1/runme.log
synth_1: C:/Users/Zoe/OneDrive/Documents/ece/8thsemester/dvlsi/ZYBO_getting_started/ZYBO_getting_started.runs/synth_1/runme.log
[Tue Apr 30 13:30:57 2024] Launched impl_1...
Run output will be captured here: C:/Users/Zoe/OneDrive/Documents/ece/8thsemester/dvlsi/ZYBO_getting_started/ZYBO_getting_started.runs/impl_1/runme.log
launch_runs: Time (s): cpu = 00:00:15 ; elapsed = 00:00:29 . Memory (MB): peak = 1355.770 ; gain = 60.273
open_run impl_1
INFO: [Netlist 29-17] Analyzing 18 Unisim elements for replacement
INFO: [Netlist 29-28] Unisim Transformation completed in 0 CPU seconds
INFO: [Project 1-479] Netlist was created with Vivado 2018.3
INFO: [Device 21-403] Loading part xc7z010clg400-1
INFO: [Project 1-570] Preparing netlist for logic optimization
INFO: [Timing 38-478] Restoring timing data from binary archive.
INFO: [Timing 38-479] Binary timing data restore complete.
INFO: [Project 1-856] Restoring constraints from binary archive.
INFO: [Project 1-853] Binary constraint restore complete.
Reading XDEF placement.
Reading placer database...
Reading XDEF routing.
Read XDEF File: Time (s): cpu = 00:00:00 ; elapsed = 00:00:00.306 . Memory (MB): peak = 2159.113 ; gain = 0.000
Restored from archive | CPU: 0.000000 secs | Memory: 0.000000 MB |
Finished XDEF File Restore: Time (s): cpu = 00:00:00 ; elapsed = 00:00:00.306 . Memory (MB): peak = 2159.113 ; gain = 0.000
Netlist sorting complete. Time (s): cpu = 00:00:00 ; elapsed = 00:00:00.001 . Memory (MB): peak = 2159.113 ; gain = 0.000
INFO: [Project 1-111] Unisim Transformation Summary:
No Unisim elements were transformed.

WARNING: [Designutils 20-3303] unexpected site type 'IOPAD' in HDPYFinalizeIO
WARNING: [Designutils 20-3303] unexpected site type 'IOPAD' in HDPYFinalizeIO
WARNING: [Designutils 20-3303] unexpected site type 'IOPAD' in HDPYFinalizeIO
WARNING: [Designutils 20-3303] unexpected site type 'IOPAD' in HDPYFinalizeIO
WARNING: [Designutils 20-3303] unexpected site type 'IOPAD' in HDPYFinalizeIO
WARNING: [Designutils 20-3303] unexpected site type 'IOPAD' in HDPYFinalizeIO
WARNING: [Designutils 20-3303] unexpected site type 'IOPAD' in HDPYFinalizeIO
WARNING: [Designutils 20-3303] unexpected site type 'IOPAD' in HDPYFinalizeIO
WARNING: [Designutils 20-3303] unexpected site type 'IOPAD' in HDPYFinalizeIO
WARNING: [Designutils 20-3303] unexpected site type 'IOPAD' in HDPYFinalizeIO
WARNING: [Designutils 20-3303] unexpected site type 'IOPAD' in HDPYFinalizeIO
WARNING: [Designutils 20-3303] unexpected site type 'IOPAD' in HDPYFinalizeIO
WARNING: [Designutils 20-3303] unexpected site type 'IOPAD' in HDPYFinalizeIO
WARNING: [Designutils 20-3303] unexpected site type 'IOPAD' in HDPYFinalizeIO
WARNING: [Designutils 20-3303] unexpected site type 'IOPAD' in HDPYFinalizeIO
WARNING: [Designutils 20-3303] unexpected site type 'IOPAD' in HDPYFinalizeIO
WARNING: [Designutils 20-3303] unexpected site type 'IOPAD' in HDPYFinalizeIO
WARNING: [Designutils 20-3303] unexpected site type 'IOPAD' in HDPYFinalizeIO
WARNING: [Designutils 20-3303] unexpected site type 'IOPAD' in HDPYFinalizeIO
WARNING: [Designutils 20-3303] unexpected site type 'IOPAD' in HDPYFinalizeIO
WARNING: [Designutils 20-3303] unexpected site type 'IOPAD' in HDPYFinalizeIO
WARNING: [Designutils 20-3303] unexpected site type 'IOPAD' in HDPYFinalizeIO
WARNING: [Designutils 20-3303] unexpected site type 'IOPAD' in HDPYFinalizeIO
WARNING: [Designutils 20-3303] unexpected site type 'IOPAD' in HDPYFinalizeIO
WARNING: [Designutils 20-3303] unexpected site type 'IOPAD' in HDPYFinalizeIO
WARNING: [Designutils 20-3303] unexpected site type 'IOPAD' in HDPYFinalizeIO
WARNING: [Designutils 20-3303] unexpected site type 'IOPAD' in HDPYFinalizeIO
WARNING: [Designutils 20-3303] unexpected site type 'IOPAD' in HDPYFinalizeIO
WARNING: [Designutils 20-3303] unexpected site type 'IOPAD' in HDPYFinalizeIO
WARNING: [Designutils 20-3303] unexpected site type 'IOPAD' in HDPYFinalizeIO
WARNING: [Designutils 20-3303] unexpected site type 'IOPAD' in HDPYFinalizeIO
WARNING: [Designutils 20-3303] unexpected site type 'IOPAD' in HDPYFinalizeIO
WARNING: [Designutils 20-3303] unexpected site type 'IOPAD' in HDPYFinalizeIO
WARNING: [Designutils 20-3303] unexpected site type 'IOPAD' in HDPYFinalizeIO
WARNING: [Designutils 20-3303] unexpected site type 'IOPAD' in HDPYFinalizeIO
WARNING: [Designutils 20-3303] unexpected site type 'IOPAD' in HDPYFinalizeIO
WARNING: [Designutils 20-3303] unexpected site type 'IOPAD' in HDPYFinalizeIO
WARNING: [Designutils 20-3303] unexpected site type 'IOPAD' in HDPYFinalizeIO
WARNING: [Designutils 20-3303] unexpected site type 'IOPAD' in HDPYFinalizeIO
WARNING: [Designutils 20-3303] unexpected site type 'IOPAD' in HDPYFinalizeIO
WARNING: [Designutils 20-3303] unexpected site type 'IOPAD' in HDPYFinalizeIO
WARNING: [Designutils 20-3303] unexpected site type 'IOPAD' in HDPYFinalizeIO
WARNING: [Designutils 20-3303] unexpected site type 'IOPAD' in HDPYFinalizeIO
WARNING: [Designutils 20-3303] unexpected site type 'IOPAD' in HDPYFinalizeIO
WARNING: [Designutils 20-3303] unexpected site type 'IOPAD' in HDPYFinalizeIO
WARNING: [Designutils 20-3303] unexpected site type 'IOPAD' in HDPYFinalizeIO
WARNING: [Designutils 20-3303] unexpected site type 'IOPAD' in HDPYFinalizeIO
WARNING: [Designutils 20-3303] unexpected site type 'IOPAD' in HDPYFinalizeIO
WARNING: [Designutils 20-3303] unexpected site type 'IOPAD' in HDPYFinalizeIO
WARNING: [Designutils 20-3303] unexpected site type 'IOPAD' in HDPYFinalizeIO
WARNING: [Designutils 20-3303] unexpected site type 'IOPAD' in HDPYFinalizeIO
WARNING: [Designutils 20-3303] unexpected site type 'IOPAD' in HDPYFinalizeIO
WARNING: [Designutils 20-3303] unexpected site type 'IOPAD' in HDPYFinalizeIO
WARNING: [Designutils 20-3303] unexpected site type 'IOPAD' in HDPYFinalizeIO
WARNING: [Designutils 20-3303] unexpected site type 'IOPAD' in HDPYFinalizeIO
WARNING: [Designutils 20-3303] unexpected site type 'IOPAD' in HDPYFinalizeIO
WARNING: [Designutils 20-3303] unexpected site type 'IOPAD' in HDPYFinalizeIO
WARNING: [Designutils 20-3303] unexpected site type 'IOPAD' in HDPYFinalizeIO
WARNING: [Designutils 20-3303] unexpected site type 'IOPAD' in HDPYFinalizeIO
WARNING: [Designutils 20-3303] unexpected site type 'IOPAD' in HDPYFinalizeIO
WARNING: [Designutils 20-3303] unexpected site type 'IOPAD' in HDPYFinalizeIO
WARNING: [Designutils 20-3303] unexpected site type 'IOPAD' in HDPYFinalizeIO
WARNING: [Designutils 20-3303] unexpected site type 'IOPAD' in HDPYFinalizeIO
WARNING: [Designutils 20-3303] unexpected site type 'IOPAD' in HDPYFinalizeIO
WARNING: [Designutils 20-3303] unexpected site type 'IOPAD' in HDPYFinalizeIO
WARNING: [Designutils 20-3303] unexpected site type 'IOPAD' in HDPYFinalizeIO
WARNING: [Designutils 20-3303] unexpected site type 'IOPAD' in HDPYFinalizeIO
WARNING: [Designutils 20-3303] unexpected site type 'IOPAD' in HDPYFinalizeIO
WARNING: [Designutils 20-3303] unexpected site type 'IOPAD' in HDPYFinalizeIO
WARNING: [Designutils 20-3303] unexpected site type 'IOPAD' in HDPYFinalizeIO
WARNING: [Designutils 20-3303] unexpected site type 'IOPAD' in HDPYFinalizeIO
WARNING: [Designutils 20-3303] unexpected site type 'IOPAD' in HDPYFinalizeIO
WARNING: [Designutils 20-3303] unexpected site type 'IOPAD' in HDPYFinalizeIO
WARNING: [Designutils 20-3303] unexpected site type 'IOPAD' in HDPYFinalizeIO
WARNING: [Designutils 20-3303] unexpected site type 'IOPAD' in HDPYFinalizeIO
WARNING: [Designutils 20-3303] unexpected site type 'IOPAD' in HDPYFinalizeIO
WARNING: [Designutils 20-3303] unexpected site type 'IOPAD' in HDPYFinalizeIO
WARNING: [Designutils 20-3303] unexpected site type 'IOPAD' in HDPYFinalizeIO
WARNING: [Designutils 20-3303] unexpected site type 'IOPAD' in HDPYFinalizeIO
WARNING: [Designutils 20-3303] unexpected site type 'IOPAD' in HDPYFinalizeIO
WARNING: [Designutils 20-3303] unexpected site type 'IOPAD' in HDPYFinalizeIO
WARNING: [Designutils 20-3303] unexpected site type 'IOPAD' in HDPYFinalizeIO
WARNING: [Designutils 20-3303] unexpected site type 'IOPAD' in HDPYFinalizeIO
WARNING: [Designutils 20-3303] unexpected site type 'IOPAD' in HDPYFinalizeIO
WARNING: [Designutils 20-3303] unexpected site type 'IOPAD' in HDPYFinalizeIO
WARNING: [Designutils 20-3303] unexpected site type 'IOPAD' in HDPYFinalizeIO
WARNING: [Designutils 20-3303] unexpected site type 'IOPAD' in HDPYFinalizeIO
WARNING: [Designutils 20-3303] unexpected site type 'IOPAD' in HDPYFinalizeIO
WARNING: [Designutils 20-3303] unexpected site type 'IOPAD' in HDPYFinalizeIO
WARNING: [Designutils 20-3303] unexpected site type 'IOPAD' in HDPYFinalizeIO
WARNING: [Designutils 20-3303] unexpected site type 'IOPAD' in HDPYFinalizeIO
WARNING: [Designutils 20-3303] unexpected site type 'IOPAD' in HDPYFinalizeIO
WARNING: [Designutils 20-3303] unexpected site type 'IOPAD' in HDPYFinalizeIO
WARNING: [Designutils 20-3303] unexpected site type 'IOPAD' in HDPYFinalizeIO
WARNING: [Designutils 20-3303] unexpected site type 'IOPAD' in HDPYFinalizeIO
WARNING: [Designutils 20-3303] unexpected site type 'IOPAD' in HDPYFinalizeIO
WARNING: [Designutils 20-3303] unexpected site type 'IOPAD' in HDPYFinalizeIO
WARNING: [Designutils 20-3303] unexpected site type 'IOPAD' in HDPYFinalizeIO
WARNING: [Designutils 20-3303] unexpected site type 'IOPAD' in HDPYFinalizeIO
WARNING: [Designutils 20-3303] unexpected site type 'IOPAD' in HDPYFinalizeIO
INFO: [Common 17-14] Message 'Designutils 20-3303' appears 100 times and further instances of the messages will be disabled. Use the Tcl command set_msg_config to change the current settings.
open_run: Time (s): cpu = 00:00:15 ; elapsed = 00:00:19 . Memory (MB): peak = 2293.938 ; gain = 885.324
file mkdir C:/Users/Zoe/OneDrive/Documents/ece/8thsemester/dvlsi/ZYBO_getting_started/ZYBO_getting_started.sdk
file copy -force C:/Users/Zoe/OneDrive/Documents/ece/8thsemester/dvlsi/ZYBO_getting_started/ZYBO_getting_started.runs/impl_1/design_1_wrapper.sysdef C:/Users/Zoe/OneDrive/Documents/ece/8thsemester/dvlsi/ZYBO_getting_started/ZYBO_getting_started.sdk/design_1_wrapper.hdf

launch_sdk -workspace C:/Users/Zoe/OneDrive/Documents/ece/8thsemester/dvlsi/ZYBO_getting_started/ZYBO_getting_started.sdk -hwspec C:/Users/Zoe/OneDrive/Documents/ece/8thsemester/dvlsi/ZYBO_getting_started/ZYBO_getting_started.sdk/design_1_wrapper.hdf
INFO: [Vivado 12-393] Launching SDK...
INFO: [Vivado 12-417] Running xsdk -workspace C:/Users/Zoe/OneDrive/Documents/ece/8thsemester/dvlsi/ZYBO_getting_started/ZYBO_getting_started.sdk -hwspec C:/Users/Zoe/OneDrive/Documents/ece/8thsemester/dvlsi/ZYBO_getting_started/ZYBO_getting_started.sdk/design_1_wrapper.hdf
INFO: [Vivado 12-3157] SDK launch initiated. Please check console for any further messages.
close_project
open_bd_design {C:/Users/Zoe/OneDrive/Documents/ece/8thsemester/dvlsi/Lab6/dvlsi2021_lab5/dvlsi2021_ask5_prj/dvlsi2021_ask5_prj.srcs/sources_1/bd/design_1/design_1.bd}
Adding cell -- xilinx.com:ip:axi_dma:7.1 - PL2PS_DMA
Adding cell -- xilinx.com:ip:proc_sys_reset:5.0 - PL_GEN_ARESETN_50
Adding cell -- xilinx.com:ip:proc_sys_reset:5.0 - PL_GEN_ARESETN_100
Adding cell -- xilinx.com:ip:axi_dma:7.1 - PS2PL_DMA
WARNING: [BD 41-1282] Ignoring parameter HAS_BURST
WARNING: [BD 41-1281] Parameter HAS_BURST is not defined on /PS2PL_DMA/M_AXIS_MM2S. Setting parameter on /PS2PL_DMA/M_AXIS_MM2S failed
Adding cell -- xilinx.com:ip:processing_system7:5.5 - PS_ARM
Adding cell -- xilinx.com:ip:smartconnect:1.0 - axi_smc
Adding cell -- xilinx.com:ip:smartconnect:1.0 - axi_smc_1
Adding cell -- xilinx.com:ip:axi_interconnect:2.1 - ps7_0_axi_periph
Adding cell -- xilinx.com:ip:axi_crossbar:2.1 - xbar
Adding cell -- xilinx.com:ip:axi_protocol_converter:2.1 - auto_pc
Successfully read diagram <design_1> from BD file <C:/Users/Zoe/OneDrive/Documents/ece/8thsemester/dvlsi/Lab6/dvlsi2021_lab5/dvlsi2021_ask5_prj/dvlsi2021_ask5_prj.srcs/sources_1/bd/design_1/design_1.bd>
open_bd_design: Time (s): cpu = 00:00:03 ; elapsed = 00:00:07 . Memory (MB): peak = 2302.613 ; gain = 0.000
regenerate_bd_layout
regenerate_bd_layout
validate_bd_design
INFO: [Ipptcl 7-1463] No Compatible Board Interface found. Board Tab not created in customize GUI
INFO: [Ipptcl 7-1463] No Compatible Board Interface found. Board Tab not created in customize GUI
INFO: [xilinx.com:ip:axi_dma:7.1-16] /PL2PS_DMA 
                    ##########################################################################################
                    Clocks connected to AXI DMA are not same. Configuring AXI DMA in ASYNC mode ..........
                    ##########################################################################################
INFO: [xilinx.com:ip:axi_dma:7.1-16] /PL2PS_DMA 
                    ##########################################################################################
                    Clocks connected to AXI DMA are not same. Configuring AXI DMA in ASYNC mode ..........
                    ##########################################################################################
INFO: [xilinx.com:ip:axi_dma:7.1-15] /PS2PL_DMA 
                    ##########################################################################################
                    Clocks connected to AXI DMA are not same. Configuring AXI DMA in ASYNC mode ..........
                    ##########################################################################################
INFO: [xilinx.com:ip:axi_dma:7.1-15] /PS2PL_DMA 
                    ##########################################################################################
                    Clocks connected to AXI DMA are not same. Configuring AXI DMA in ASYNC mode ..........
                    ##########################################################################################
validate_bd_design: Time (s): cpu = 00:00:04 ; elapsed = 00:00:11 . Memory (MB): peak = 2302.613 ; gain = 0.000
save_bd_design
Wrote  : <C:\Users\Zoe\OneDrive\Documents\ece\8thsemester\dvlsi\Lab6\dvlsi2021_lab5\dvlsi2021_ask5_prj\dvlsi2021_ask5_prj.srcs\sources_1\bd\design_1\design_1.bd> 
Wrote  : <C:/Users/Zoe/OneDrive/Documents/ece/8thsemester/dvlsi/Lab6/dvlsi2021_lab5/dvlsi2021_ask5_prj/dvlsi2021_ask5_prj.srcs/sources_1/bd/design_1/ui/bd_1f5defd0.ui> 
launch_runs impl_1 -to_step write_bitstream -jobs 4
INFO: [BD 41-1662] The design 'design_1.bd' is already validated. Therefore parameter propagation will not be re-run.
VHDL Output written to : C:/Users/Zoe/OneDrive/Documents/ece/8thsemester/dvlsi/Lab6/dvlsi2021_lab5/dvlsi2021_ask5_prj/dvlsi2021_ask5_prj.srcs/sources_1/bd/design_1/synth/design_1.vhd
VHDL Output written to : C:/Users/Zoe/OneDrive/Documents/ece/8thsemester/dvlsi/Lab6/dvlsi2021_lab5/dvlsi2021_ask5_prj/dvlsi2021_ask5_prj.srcs/sources_1/bd/design_1/sim/design_1.vhd
VHDL Output written to : C:/Users/Zoe/OneDrive/Documents/ece/8thsemester/dvlsi/Lab6/dvlsi2021_lab5/dvlsi2021_ask5_prj/dvlsi2021_ask5_prj.srcs/sources_1/bd/design_1/hdl/design_1_wrapper.vhd
INFO: [BD 41-1029] Generation completed for the IP Integrator block PL2PS_DMA .
INFO: [BD 41-1029] Generation completed for the IP Integrator block PL_GEN_ARESETN_50 .
INFO: [BD 41-1029] Generation completed for the IP Integrator block PL_GEN_ARESETN_100 .
INFO: [BD 41-1029] Generation completed for the IP Integrator block PS2PL_DMA .
INFO: [BD 41-1029] Generation completed for the IP Integrator block PS_ARM .
Exporting to file c:/Users/Zoe/OneDrive/Documents/ece/8thsemester/dvlsi/Lab6/dvlsi2021_lab5/dvlsi2021_ask5_prj/dvlsi2021_ask5_prj.srcs/sources_1/bd/design_1/ip/design_1_axi_smc_0/bd_0/hw_handoff/design_1_axi_smc_0.hwh
Generated Block Design Tcl file c:/Users/Zoe/OneDrive/Documents/ece/8thsemester/dvlsi/Lab6/dvlsi2021_lab5/dvlsi2021_ask5_prj/dvlsi2021_ask5_prj.srcs/sources_1/bd/design_1/ip/design_1_axi_smc_0/bd_0/hw_handoff/design_1_axi_smc_0_bd.tcl
Generated Hardware Definition File c:/Users/Zoe/OneDrive/Documents/ece/8thsemester/dvlsi/Lab6/dvlsi2021_lab5/dvlsi2021_ask5_prj/dvlsi2021_ask5_prj.srcs/sources_1/bd/design_1/ip/design_1_axi_smc_0/bd_0/synth/design_1_axi_smc_0.hwdef
INFO: [BD 41-1029] Generation completed for the IP Integrator block axi_smc .
Exporting to file c:/Users/Zoe/OneDrive/Documents/ece/8thsemester/dvlsi/Lab6/dvlsi2021_lab5/dvlsi2021_ask5_prj/dvlsi2021_ask5_prj.srcs/sources_1/bd/design_1/ip/design_1_axi_smc_1_0/bd_0/hw_handoff/design_1_axi_smc_1_0.hwh
Generated Block Design Tcl file c:/Users/Zoe/OneDrive/Documents/ece/8thsemester/dvlsi/Lab6/dvlsi2021_lab5/dvlsi2021_ask5_prj/dvlsi2021_ask5_prj.srcs/sources_1/bd/design_1/ip/design_1_axi_smc_1_0/bd_0/hw_handoff/design_1_axi_smc_1_0_bd.tcl
zip_exception: Failed to open zip archive for writing: c:/Users/Zoe/OneDrive/Documents/ece/8thsemester/dvlsi/Lab6/dvlsi2021_lab5/dvlsi2021_ask5_prj/dvlsi2021_ask5_prj.srcs/sources_1/bd/design_1/ip/design_1_axi_smc_1_0/bd_0/synth/design_1_axi_smc_1_0.hwdefGenerated Hardware Definition File c:/Users/Zoe/OneDrive/Documents/ece/8thsemester/dvlsi/Lab6/dvlsi2021_lab5/dvlsi2021_ask5_prj/dvlsi2021_ask5_prj.srcs/sources_1/bd/design_1/ip/design_1_axi_smc_1_0/bd_0/synth/design_1_axi_smc_1_0.hwdef
INFO: [BD 41-1029] Generation completed for the IP Integrator block axi_smc_1 .
INFO: [BD 41-1029] Generation completed for the IP Integrator block ps7_0_axi_periph/xbar .
WARNING: [IP_Flow 19-4994] Overwriting existing constraint file 'c:/Users/Zoe/OneDrive/Documents/ece/8thsemester/dvlsi/Lab6/dvlsi2021_lab5/dvlsi2021_ask5_prj/dvlsi2021_ask5_prj.srcs/sources_1/bd/design_1/ip/design_1_auto_pc_0/design_1_auto_pc_0_ooc.xdc'
INFO: [BD 41-1029] Generation completed for the IP Integrator block ps7_0_axi_periph/s00_couplers/auto_pc .
Exporting to file C:/Users/Zoe/OneDrive/Documents/ece/8thsemester/dvlsi/Lab6/dvlsi2021_lab5/dvlsi2021_ask5_prj/dvlsi2021_ask5_prj.srcs/sources_1/bd/design_1/hw_handoff/design_1.hwh
Generated Block Design Tcl file C:/Users/Zoe/OneDrive/Documents/ece/8thsemester/dvlsi/Lab6/dvlsi2021_lab5/dvlsi2021_ask5_prj/dvlsi2021_ask5_prj.srcs/sources_1/bd/design_1/hw_handoff/design_1_bd.tcl
Generated Hardware Definition File C:/Users/Zoe/OneDrive/Documents/ece/8thsemester/dvlsi/Lab6/dvlsi2021_lab5/dvlsi2021_ask5_prj/dvlsi2021_ask5_prj.srcs/sources_1/bd/design_1/synth/design_1.hwdef
[Tue Apr 30 13:51:03 2024] Launched design_1_auto_pc_0_synth_1, design_1_PL_GEN_ARESETN_50_0_synth_1, design_1_PL2PS_DMA_0_synth_1, design_1_PS2PL_DMA_0_synth_1, design_1_axi_smc_1_0_synth_1, design_1_PS_ARM_0_synth_1, design_1_PL_GEN_ARESETN_100_0_synth_1, design_1_xbar_0_synth_1, design_1_axi_smc_0_synth_1, synth_1...
Run output will be captured here:
design_1_auto_pc_0_synth_1: C:/Users/Zoe/OneDrive/Documents/ece/8thsemester/dvlsi/Lab6/dvlsi2021_lab5/dvlsi2021_ask5_prj/dvlsi2021_ask5_prj.runs/design_1_auto_pc_0_synth_1/runme.log
design_1_PL_GEN_ARESETN_50_0_synth_1: C:/Users/Zoe/OneDrive/Documents/ece/8thsemester/dvlsi/Lab6/dvlsi2021_lab5/dvlsi2021_ask5_prj/dvlsi2021_ask5_prj.runs/design_1_PL_GEN_ARESETN_50_0_synth_1/runme.log
design_1_PL2PS_DMA_0_synth_1: C:/Users/Zoe/OneDrive/Documents/ece/8thsemester/dvlsi/Lab6/dvlsi2021_lab5/dvlsi2021_ask5_prj/dvlsi2021_ask5_prj.runs/design_1_PL2PS_DMA_0_synth_1/runme.log
design_1_PS2PL_DMA_0_synth_1: C:/Users/Zoe/OneDrive/Documents/ece/8thsemester/dvlsi/Lab6/dvlsi2021_lab5/dvlsi2021_ask5_prj/dvlsi2021_ask5_prj.runs/design_1_PS2PL_DMA_0_synth_1/runme.log
design_1_axi_smc_1_0_synth_1: C:/Users/Zoe/OneDrive/Documents/ece/8thsemester/dvlsi/Lab6/dvlsi2021_lab5/dvlsi2021_ask5_prj/dvlsi2021_ask5_prj.runs/design_1_axi_smc_1_0_synth_1/runme.log
design_1_PS_ARM_0_synth_1: C:/Users/Zoe/OneDrive/Documents/ece/8thsemester/dvlsi/Lab6/dvlsi2021_lab5/dvlsi2021_ask5_prj/dvlsi2021_ask5_prj.runs/design_1_PS_ARM_0_synth_1/runme.log
design_1_PL_GEN_ARESETN_100_0_synth_1: C:/Users/Zoe/OneDrive/Documents/ece/8thsemester/dvlsi/Lab6/dvlsi2021_lab5/dvlsi2021_ask5_prj/dvlsi2021_ask5_prj.runs/design_1_PL_GEN_ARESETN_100_0_synth_1/runme.log
design_1_xbar_0_synth_1: C:/Users/Zoe/OneDrive/Documents/ece/8thsemester/dvlsi/Lab6/dvlsi2021_lab5/dvlsi2021_ask5_prj/dvlsi2021_ask5_prj.runs/design_1_xbar_0_synth_1/runme.log
design_1_axi_smc_0_synth_1: C:/Users/Zoe/OneDrive/Documents/ece/8thsemester/dvlsi/Lab6/dvlsi2021_lab5/dvlsi2021_ask5_prj/dvlsi2021_ask5_prj.runs/design_1_axi_smc_0_synth_1/runme.log
synth_1: C:/Users/Zoe/OneDrive/Documents/ece/8thsemester/dvlsi/Lab6/dvlsi2021_lab5/dvlsi2021_ask5_prj/dvlsi2021_ask5_prj.runs/synth_1/runme.log
[Tue Apr 30 13:51:03 2024] Launched impl_1...
Run output will be captured here: C:/Users/Zoe/OneDrive/Documents/ece/8thsemester/dvlsi/Lab6/dvlsi2021_lab5/dvlsi2021_ask5_prj/dvlsi2021_ask5_prj.runs/impl_1/runme.log
launch_runs: Time (s): cpu = 00:00:20 ; elapsed = 00:00:39 . Memory (MB): peak = 2302.613 ; gain = 0.000
reset_run synth_1
launch_runs impl_1 -to_step write_bitstream -jobs 4
[Tue Apr 30 14:02:08 2024] Launched synth_1...
Run output will be captured here: C:/Users/Zoe/OneDrive/Documents/ece/8thsemester/dvlsi/Lab6/dvlsi2021_lab5/dvlsi2021_ask5_prj/dvlsi2021_ask5_prj.runs/synth_1/runme.log
[Tue Apr 30 14:02:08 2024] Launched impl_1...
Run output will be captured here: C:/Users/Zoe/OneDrive/Documents/ece/8thsemester/dvlsi/Lab6/dvlsi2021_lab5/dvlsi2021_ask5_prj/dvlsi2021_ask5_prj.runs/impl_1/runme.log
open_run impl_1
INFO: [Netlist 29-17] Analyzing 299 Unisim elements for replacement
INFO: [Netlist 29-28] Unisim Transformation completed in 0 CPU seconds
INFO: [Project 1-479] Netlist was created with Vivado 2018.3
INFO: [Project 1-570] Preparing netlist for logic optimization
INFO: [Timing 38-478] Restoring timing data from binary archive.
INFO: [Timing 38-479] Binary timing data restore complete.
INFO: [Project 1-856] Restoring constraints from binary archive.
INFO: [Project 1-853] Binary constraint restore complete.
Reading XDEF placement.
Reading placer database...
Reading XDEF routing.
Read XDEF File: Time (s): cpu = 00:00:01 ; elapsed = 00:00:01 . Memory (MB): peak = 2508.199 ; gain = 0.000
Restored from archive | CPU: 1.000000 secs | Memory: 0.000000 MB |
Finished XDEF File Restore: Time (s): cpu = 00:00:01 ; elapsed = 00:00:01 . Memory (MB): peak = 2508.199 ; gain = 0.000
Netlist sorting complete. Time (s): cpu = 00:00:00 ; elapsed = 00:00:00.005 . Memory (MB): peak = 2508.199 ; gain = 0.000
INFO: [Project 1-111] Unisim Transformation Summary:
  A total of 56 instances were transformed.
  RAM32M => RAM32M (RAMD32, RAMD32, RAMD32, RAMD32, RAMD32, RAMD32, RAMS32, RAMS32): 56 instances

WARNING: [Designutils 20-3303] unexpected site type 'IOPAD' in HDPYFinalizeIO
WARNING: [Designutils 20-3303] unexpected site type 'IOPAD' in HDPYFinalizeIO
WARNING: [Designutils 20-3303] unexpected site type 'IOPAD' in HDPYFinalizeIO
WARNING: [Designutils 20-3303] unexpected site type 'IOPAD' in HDPYFinalizeIO
WARNING: [Designutils 20-3303] unexpected site type 'IOPAD' in HDPYFinalizeIO
WARNING: [Designutils 20-3303] unexpected site type 'IOPAD' in HDPYFinalizeIO
WARNING: [Designutils 20-3303] unexpected site type 'IOPAD' in HDPYFinalizeIO
WARNING: [Designutils 20-3303] unexpected site type 'IOPAD' in HDPYFinalizeIO
WARNING: [Designutils 20-3303] unexpected site type 'IOPAD' in HDPYFinalizeIO
WARNING: [Designutils 20-3303] unexpected site type 'IOPAD' in HDPYFinalizeIO
WARNING: [Designutils 20-3303] unexpected site type 'IOPAD' in HDPYFinalizeIO
WARNING: [Designutils 20-3303] unexpected site type 'IOPAD' in HDPYFinalizeIO
WARNING: [Designutils 20-3303] unexpected site type 'IOPAD' in HDPYFinalizeIO
WARNING: [Designutils 20-3303] unexpected site type 'IOPAD' in HDPYFinalizeIO
WARNING: [Designutils 20-3303] unexpected site type 'IOPAD' in HDPYFinalizeIO
WARNING: [Designutils 20-3303] unexpected site type 'IOPAD' in HDPYFinalizeIO
WARNING: [Designutils 20-3303] unexpected site type 'IOPAD' in HDPYFinalizeIO
WARNING: [Designutils 20-3303] unexpected site type 'IOPAD' in HDPYFinalizeIO
WARNING: [Designutils 20-3303] unexpected site type 'IOPAD' in HDPYFinalizeIO
WARNING: [Designutils 20-3303] unexpected site type 'IOPAD' in HDPYFinalizeIO
WARNING: [Designutils 20-3303] unexpected site type 'IOPAD' in HDPYFinalizeIO
WARNING: [Designutils 20-3303] unexpected site type 'IOPAD' in HDPYFinalizeIO
WARNING: [Designutils 20-3303] unexpected site type 'IOPAD' in HDPYFinalizeIO
WARNING: [Designutils 20-3303] unexpected site type 'IOPAD' in HDPYFinalizeIO
WARNING: [Designutils 20-3303] unexpected site type 'IOPAD' in HDPYFinalizeIO
WARNING: [Designutils 20-3303] unexpected site type 'IOPAD' in HDPYFinalizeIO
WARNING: [Designutils 20-3303] unexpected site type 'IOPAD' in HDPYFinalizeIO
WARNING: [Designutils 20-3303] unexpected site type 'IOPAD' in HDPYFinalizeIO
WARNING: [Designutils 20-3303] unexpected site type 'IOPAD' in HDPYFinalizeIO
WARNING: [Designutils 20-3303] unexpected site type 'IOPAD' in HDPYFinalizeIO
WARNING: [Designutils 20-3303] unexpected site type 'IOPAD' in HDPYFinalizeIO
WARNING: [Designutils 20-3303] unexpected site type 'IOPAD' in HDPYFinalizeIO
WARNING: [Designutils 20-3303] unexpected site type 'IOPAD' in HDPYFinalizeIO
WARNING: [Designutils 20-3303] unexpected site type 'IOPAD' in HDPYFinalizeIO
WARNING: [Designutils 20-3303] unexpected site type 'IOPAD' in HDPYFinalizeIO
WARNING: [Designutils 20-3303] unexpected site type 'IOPAD' in HDPYFinalizeIO
WARNING: [Designutils 20-3303] unexpected site type 'IOPAD' in HDPYFinalizeIO
WARNING: [Designutils 20-3303] unexpected site type 'IOPAD' in HDPYFinalizeIO
WARNING: [Designutils 20-3303] unexpected site type 'IOPAD' in HDPYFinalizeIO
WARNING: [Designutils 20-3303] unexpected site type 'IOPAD' in HDPYFinalizeIO
WARNING: [Designutils 20-3303] unexpected site type 'IOPAD' in HDPYFinalizeIO
WARNING: [Designutils 20-3303] unexpected site type 'IOPAD' in HDPYFinalizeIO
WARNING: [Designutils 20-3303] unexpected site type 'IOPAD' in HDPYFinalizeIO
WARNING: [Designutils 20-3303] unexpected site type 'IOPAD' in HDPYFinalizeIO
WARNING: [Designutils 20-3303] unexpected site type 'IOPAD' in HDPYFinalizeIO
WARNING: [Designutils 20-3303] unexpected site type 'IOPAD' in HDPYFinalizeIO
WARNING: [Designutils 20-3303] unexpected site type 'IOPAD' in HDPYFinalizeIO
WARNING: [Designutils 20-3303] unexpected site type 'IOPAD' in HDPYFinalizeIO
WARNING: [Designutils 20-3303] unexpected site type 'IOPAD' in HDPYFinalizeIO
WARNING: [Designutils 20-3303] unexpected site type 'IOPAD' in HDPYFinalizeIO
WARNING: [Designutils 20-3303] unexpected site type 'IOPAD' in HDPYFinalizeIO
WARNING: [Designutils 20-3303] unexpected site type 'IOPAD' in HDPYFinalizeIO
WARNING: [Designutils 20-3303] unexpected site type 'IOPAD' in HDPYFinalizeIO
WARNING: [Designutils 20-3303] unexpected site type 'IOPAD' in HDPYFinalizeIO
WARNING: [Designutils 20-3303] unexpected site type 'IOPAD' in HDPYFinalizeIO
WARNING: [Designutils 20-3303] unexpected site type 'IOPAD' in HDPYFinalizeIO
WARNING: [Designutils 20-3303] unexpected site type 'IOPAD' in HDPYFinalizeIO
WARNING: [Designutils 20-3303] unexpected site type 'IOPAD' in HDPYFinalizeIO
WARNING: [Designutils 20-3303] unexpected site type 'IOPAD' in HDPYFinalizeIO
WARNING: [Designutils 20-3303] unexpected site type 'IOPAD' in HDPYFinalizeIO
WARNING: [Designutils 20-3303] unexpected site type 'IOPAD' in HDPYFinalizeIO
WARNING: [Designutils 20-3303] unexpected site type 'IOPAD' in HDPYFinalizeIO
WARNING: [Designutils 20-3303] unexpected site type 'IOPAD' in HDPYFinalizeIO
WARNING: [Designutils 20-3303] unexpected site type 'IOPAD' in HDPYFinalizeIO
WARNING: [Designutils 20-3303] unexpected site type 'IOPAD' in HDPYFinalizeIO
WARNING: [Designutils 20-3303] unexpected site type 'IOPAD' in HDPYFinalizeIO
WARNING: [Designutils 20-3303] unexpected site type 'IOPAD' in HDPYFinalizeIO
WARNING: [Designutils 20-3303] unexpected site type 'IOPAD' in HDPYFinalizeIO
WARNING: [Designutils 20-3303] unexpected site type 'IOPAD' in HDPYFinalizeIO
WARNING: [Designutils 20-3303] unexpected site type 'IOPAD' in HDPYFinalizeIO
WARNING: [Designutils 20-3303] unexpected site type 'IOPAD' in HDPYFinalizeIO
WARNING: [Designutils 20-3303] unexpected site type 'IOPAD' in HDPYFinalizeIO
WARNING: [Designutils 20-3303] unexpected site type 'IOPAD' in HDPYFinalizeIO
WARNING: [Designutils 20-3303] unexpected site type 'IOPAD' in HDPYFinalizeIO
WARNING: [Designutils 20-3303] unexpected site type 'IOPAD' in HDPYFinalizeIO
WARNING: [Designutils 20-3303] unexpected site type 'IOPAD' in HDPYFinalizeIO
WARNING: [Designutils 20-3303] unexpected site type 'IOPAD' in HDPYFinalizeIO
WARNING: [Designutils 20-3303] unexpected site type 'IOPAD' in HDPYFinalizeIO
WARNING: [Designutils 20-3303] unexpected site type 'IOPAD' in HDPYFinalizeIO
WARNING: [Designutils 20-3303] unexpected site type 'IOPAD' in HDPYFinalizeIO
WARNING: [Designutils 20-3303] unexpected site type 'IOPAD' in HDPYFinalizeIO
WARNING: [Designutils 20-3303] unexpected site type 'IOPAD' in HDPYFinalizeIO
WARNING: [Designutils 20-3303] unexpected site type 'IOPAD' in HDPYFinalizeIO
WARNING: [Designutils 20-3303] unexpected site type 'IOPAD' in HDPYFinalizeIO
WARNING: [Designutils 20-3303] unexpected site type 'IOPAD' in HDPYFinalizeIO
WARNING: [Designutils 20-3303] unexpected site type 'IOPAD' in HDPYFinalizeIO
WARNING: [Designutils 20-3303] unexpected site type 'IOPAD' in HDPYFinalizeIO
WARNING: [Designutils 20-3303] unexpected site type 'IOPAD' in HDPYFinalizeIO
WARNING: [Designutils 20-3303] unexpected site type 'IOPAD' in HDPYFinalizeIO
WARNING: [Designutils 20-3303] unexpected site type 'IOPAD' in HDPYFinalizeIO
WARNING: [Designutils 20-3303] unexpected site type 'IOPAD' in HDPYFinalizeIO
WARNING: [Designutils 20-3303] unexpected site type 'IOPAD' in HDPYFinalizeIO
WARNING: [Designutils 20-3303] unexpected site type 'IOPAD' in HDPYFinalizeIO
WARNING: [Designutils 20-3303] unexpected site type 'IOPAD' in HDPYFinalizeIO
WARNING: [Designutils 20-3303] unexpected site type 'IOPAD' in HDPYFinalizeIO
WARNING: [Designutils 20-3303] unexpected site type 'IOPAD' in HDPYFinalizeIO
WARNING: [Designutils 20-3303] unexpected site type 'IOPAD' in HDPYFinalizeIO
WARNING: [Designutils 20-3303] unexpected site type 'IOPAD' in HDPYFinalizeIO
WARNING: [Designutils 20-3303] unexpected site type 'IOPAD' in HDPYFinalizeIO
WARNING: [Designutils 20-3303] unexpected site type 'IOPAD' in HDPYFinalizeIO
INFO: [Common 17-14] Message 'Designutils 20-3303' appears 100 times and further instances of the messages will be disabled. Use the Tcl command set_msg_config to change the current settings.
open_run: Time (s): cpu = 00:00:07 ; elapsed = 00:00:07 . Memory (MB): peak = 2575.395 ; gain = 272.781
open_report: Time (s): cpu = 00:00:04 ; elapsed = 00:00:06 . Memory (MB): peak = 2597.031 ; gain = 16.887
WARNING: [Timing 38-436] There are set_bus_skew constraint(s) in this design. Please run report_bus_skew to ensure that bus skew requirements are met.
file mkdir C:/Users/Zoe/OneDrive/Documents/ece/8thsemester/dvlsi/Lab6/dvlsi2021_lab5/dvlsi2021_ask5_prj/dvlsi2021_ask5_prj.sdk
file copy -force C:/Users/Zoe/OneDrive/Documents/ece/8thsemester/dvlsi/Lab6/dvlsi2021_lab5/dvlsi2021_ask5_prj/dvlsi2021_ask5_prj.runs/impl_1/dvlsi2021_lab5_top.sysdef C:/Users/Zoe/OneDrive/Documents/ece/8thsemester/dvlsi/Lab6/dvlsi2021_lab5/dvlsi2021_ask5_prj/dvlsi2021_ask5_prj.sdk/dvlsi2021_lab5_top.hdf

launch_sdk -workspace C:/Users/Zoe/OneDrive/Documents/ece/8thsemester/dvlsi/Lab6/dvlsi2021_lab5/dvlsi2021_ask5_prj/dvlsi2021_ask5_prj.sdk -hwspec C:/Users/Zoe/OneDrive/Documents/ece/8thsemester/dvlsi/Lab6/dvlsi2021_lab5/dvlsi2021_ask5_prj/dvlsi2021_ask5_prj.sdk/dvlsi2021_lab5_top.hdf
INFO: [Vivado 12-393] Launching SDK...
INFO: [Vivado 12-417] Running xsdk -workspace C:/Users/Zoe/OneDrive/Documents/ece/8thsemester/dvlsi/Lab6/dvlsi2021_lab5/dvlsi2021_ask5_prj/dvlsi2021_ask5_prj.sdk -hwspec C:/Users/Zoe/OneDrive/Documents/ece/8thsemester/dvlsi/Lab6/dvlsi2021_lab5/dvlsi2021_ask5_prj/dvlsi2021_ask5_prj.sdk/dvlsi2021_lab5_top.hdf
INFO: [Vivado 12-3157] SDK launch initiated. Please check console for any further messages.
launch_sdk -workspace C:/Users/Zoe/OneDrive/Documents/ece/8thsemester/dvlsi/Lab6/dvlsi2021_lab5/dvlsi2021_ask5_prj/dvlsi2021_ask5_prj.sdk -hwspec C:/Users/Zoe/OneDrive/Documents/ece/8thsemester/dvlsi/Lab6/dvlsi2021_lab5/dvlsi2021_ask5_prj/dvlsi2021_ask5_prj.sdk/dvlsi2021_lab5_top.hdf
INFO: [Vivado 12-393] Launching SDK...
INFO: [Vivado 12-417] Running xsdk -workspace C:/Users/Zoe/OneDrive/Documents/ece/8thsemester/dvlsi/Lab6/dvlsi2021_lab5/dvlsi2021_ask5_prj/dvlsi2021_ask5_prj.sdk -hwspec C:/Users/Zoe/OneDrive/Documents/ece/8thsemester/dvlsi/Lab6/dvlsi2021_lab5/dvlsi2021_ask5_prj/dvlsi2021_ask5_prj.sdk/dvlsi2021_lab5_top.hdf
INFO: [Vivado 12-3157] SDK launch initiated. Please check console for any further messages.
launch_sdk -workspace C:/Users/Zoe/OneDrive/Documents/ece/8thsemester/dvlsi/Lab6/dvlsi2021_lab5/dvlsi2021_ask5_prj/dvlsi2021_ask5_prj.sdk -hwspec C:/Users/Zoe/OneDrive/Documents/ece/8thsemester/dvlsi/Lab6/dvlsi2021_lab5/dvlsi2021_ask5_prj/dvlsi2021_ask5_prj.sdk/dvlsi2021_lab5_top.hdf
INFO: [Vivado 12-393] Launching SDK...
INFO: [Vivado 12-417] Running xsdk -workspace C:/Users/Zoe/OneDrive/Documents/ece/8thsemester/dvlsi/Lab6/dvlsi2021_lab5/dvlsi2021_ask5_prj/dvlsi2021_ask5_prj.sdk -hwspec C:/Users/Zoe/OneDrive/Documents/ece/8thsemester/dvlsi/Lab6/dvlsi2021_lab5/dvlsi2021_ask5_prj/dvlsi2021_ask5_prj.sdk/dvlsi2021_lab5_top.hdf
INFO: [Vivado 12-3157] SDK launch initiated. Please check console for any further messages.
file copy -force C:/Users/Zoe/OneDrive/Documents/ece/8thsemester/dvlsi/Lab6/dvlsi2021_lab5/dvlsi2021_ask5_prj/dvlsi2021_ask5_prj.runs/impl_1/dvlsi2021_lab5_top.sysdef C:/Users/Zoe/OneDrive/Documents/ece/8thsemester/dvlsi/Lab6/dvlsi2021_lab5/dvlsi2021_ask5_prj/dvlsi2021_ask5_prj.sdk/dvlsi2021_lab5_top.hdf

launch_sdk -workspace C:/Users/Zoe/OneDrive/Documents/ece/8thsemester/dvlsi/Lab6/dvlsi2021_lab5/dvlsi2021_ask5_prj/dvlsi2021_ask5_prj.sdk -hwspec C:/Users/Zoe/OneDrive/Documents/ece/8thsemester/dvlsi/Lab6/dvlsi2021_lab5/dvlsi2021_ask5_prj/dvlsi2021_ask5_prj.sdk/dvlsi2021_lab5_top.hdf
INFO: [Vivado 12-393] Launching SDK...
INFO: [Vivado 12-417] Running xsdk -workspace C:/Users/Zoe/OneDrive/Documents/ece/8thsemester/dvlsi/Lab6/dvlsi2021_lab5/dvlsi2021_ask5_prj/dvlsi2021_ask5_prj.sdk -hwspec C:/Users/Zoe/OneDrive/Documents/ece/8thsemester/dvlsi/Lab6/dvlsi2021_lab5/dvlsi2021_ask5_prj/dvlsi2021_ask5_prj.sdk/dvlsi2021_lab5_top.hdf
INFO: [Vivado 12-3157] SDK launch initiated. Please check console for any further messages.
reset_run impl_1 -prev_step 
launch_runs impl_1 -to_step write_bitstream -jobs 4
[Tue Apr 30 16:20:47 2024] Launched impl_1...
Run output will be captured here: C:/Users/Zoe/OneDrive/Documents/ece/8thsemester/dvlsi/Lab6/dvlsi2021_lab5/dvlsi2021_ask5_prj/dvlsi2021_ask5_prj.runs/impl_1/runme.log
file copy -force C:/Users/Zoe/OneDrive/Documents/ece/8thsemester/dvlsi/Lab6/dvlsi2021_lab5/dvlsi2021_ask5_prj/dvlsi2021_ask5_prj.runs/impl_1/dvlsi2021_lab5_top.sysdef C:/Users/Zoe/OneDrive/Documents/ece/8thsemester/dvlsi/Lab6/dvlsi2021_lab5/dvlsi2021_ask5_prj/dvlsi2021_ask5_prj.sdk/dvlsi2021_lab5_top.hdf

launch_sdk -workspace C:/Users/Zoe/OneDrive/Documents/ece/8thsemester/dvlsi/Lab6/dvlsi2021_lab5/dvlsi2021_ask5_prj/dvlsi2021_ask5_prj.sdk -hwspec C:/Users/Zoe/OneDrive/Documents/ece/8thsemester/dvlsi/Lab6/dvlsi2021_lab5/dvlsi2021_ask5_prj/dvlsi2021_ask5_prj.sdk/dvlsi2021_lab5_top.hdf
INFO: [Vivado 12-393] Launching SDK...
INFO: [Vivado 12-417] Running xsdk -workspace C:/Users/Zoe/OneDrive/Documents/ece/8thsemester/dvlsi/Lab6/dvlsi2021_lab5/dvlsi2021_ask5_prj/dvlsi2021_ask5_prj.sdk -hwspec C:/Users/Zoe/OneDrive/Documents/ece/8thsemester/dvlsi/Lab6/dvlsi2021_lab5/dvlsi2021_ask5_prj/dvlsi2021_ask5_prj.sdk/dvlsi2021_lab5_top.hdf
INFO: [Vivado 12-3157] SDK launch initiated. Please check console for any further messages.
launch_sdk -workspace C:/Users/Zoe/OneDrive/Documents/ece/8thsemester/dvlsi/Lab6/dvlsi2021_lab5/dvlsi2021_ask5_prj/dvlsi2021_ask5_prj.sdk -hwspec C:/Users/Zoe/OneDrive/Documents/ece/8thsemester/dvlsi/Lab6/dvlsi2021_lab5/dvlsi2021_ask5_prj/dvlsi2021_ask5_prj.sdk/dvlsi2021_lab5_top.hdf
INFO: [Vivado 12-393] Launching SDK...
INFO: [Vivado 12-417] Running xsdk -workspace C:/Users/Zoe/OneDrive/Documents/ece/8thsemester/dvlsi/Lab6/dvlsi2021_lab5/dvlsi2021_ask5_prj/dvlsi2021_ask5_prj.sdk -hwspec C:/Users/Zoe/OneDrive/Documents/ece/8thsemester/dvlsi/Lab6/dvlsi2021_lab5/dvlsi2021_ask5_prj/dvlsi2021_ask5_prj.sdk/dvlsi2021_lab5_top.hdf
INFO: [Vivado 12-3157] SDK launch initiated. Please check console for any further messages.
exit
INFO: [Common 17-206] Exiting Vivado at Tue Apr 30 18:25:47 2024...
