#-----------------------------------------------------------
# Vivado v2018.3 (64-bit)
# SW Build 2405991 on Thu Dec  6 23:38:27 MST 2018
# IP Build 2404404 on Fri Dec  7 01:43:56 MST 2018
# Start of session at: Wed Apr 17 10:44:16 2024
# Process ID: 18368
# Current directory: C:/Users/Gina/OneDrive/Desktop/DVLSI/Lab 4/lab4_solved2
# Command line: vivado.exe -gui_launcher_event rodinguilauncherevent8636 C:\Users\Gina\OneDrive\Desktop\DVLSI\Lab 4\lab4_solved2\lab4_solved2.xpr
# Log file: C:/Users/Gina/OneDrive/Desktop/DVLSI/Lab 4/lab4_solved2/vivado.log
# Journal file: C:/Users/Gina/OneDrive/Desktop/DVLSI/Lab 4/lab4_solved2\vivado.jou
#-----------------------------------------------------------
start_gui
open_project {C:/Users/Gina/OneDrive/Desktop/DVLSI/Lab 4/lab4_solved2/lab4_solved2.xpr}
INFO: [Project 1-313] Project file moved from 'C:/Users/zoege/OneDrive/Documents/ece/8th semester/dvlsi/Lab4/solved/lab4_solved2' since last save.
Scanning sources...
Finished scanning sources
INFO: [IP_Flow 19-234] Refreshing IP repositories
INFO: [IP_Flow 19-1704] No user IP repositories specified
INFO: [IP_Flow 19-2313] Loaded Vivado IP repository 'C:/Xilinx/Vivado/2018.3/data/ip'.
open_project: Time (s): cpu = 00:00:06 ; elapsed = 00:00:12 . Memory (MB): peak = 716.770 ; gain = 143.645
update_compile_order -fileset sources_1
exit
INFO: [Common 17-206] Exiting Vivado at Wed Apr 17 10:51:09 2024...
