#-----------------------------------------------------------
# Vivado v2018.3 (64-bit)
# SW Build 2405991 on Thu Dec  6 23:38:27 MST 2018
# IP Build 2404404 on Fri Dec  7 01:43:56 MST 2018
# Start of session at: Tue Apr 23 16:39:20 2024
# Process ID: 21944
# Current directory: C:/Users/Gina/OneDrive/Desktop/DVLSI/Lab/ZYBO_FIR
# Command line: vivado.exe -gui_launcher_event rodinguilauncherevent20272 C:\Users\Gina\OneDrive\Desktop\DVLSI\Lab\ZYBO_FIR\tmp_edit_project.xpr
# Log file: C:/Users/Gina/OneDrive/Desktop/DVLSI/Lab/ZYBO_FIR/vivado.log
# Journal file: C:/Users/Gina/OneDrive/Desktop/DVLSI/Lab/ZYBO_FIR\vivado.jou
#-----------------------------------------------------------
start_gui
open_project C:/Users/Gina/OneDrive/Desktop/DVLSI/Lab/ZYBO_FIR/tmp_edit_project.xpr
Scanning sources...
Finished scanning sources
INFO: [IP_Flow 19-234] Refreshing IP repositories
INFO: [IP_Flow 19-1700] Loaded user IP repository 'c:/Users/Gina/OneDrive/Desktop/DVLSI/Lab/ZYBO_FIR'.
INFO: [IP_Flow 19-2313] Loaded Vivado IP repository 'C:/Xilinx/Vivado/2018.3/data/ip'.
open_project: Time (s): cpu = 00:00:07 ; elapsed = 00:00:09 . Memory (MB): peak = 813.125 ; gain = 212.762
update_compile_order -fileset sources_1
launch_sdk -workspace C:/Users/Gina/OneDrive/Desktop/DVLSI/Lab/ZYBO_FIR/tmp_edit_project.sdk -hwspec C:/Users/Gina/OneDrive/Desktop/DVLSI/Lab/ZYBO_FIR/tmp_edit_project.sdk/FIR_design_wrapper.hdf
INFO: [Vivado 12-393] Launching SDK...
INFO: [Vivado 12-417] Running xsdk -workspace C:/Users/Gina/OneDrive/Desktop/DVLSI/Lab/ZYBO_FIR/tmp_edit_project.sdk -hwspec C:/Users/Gina/OneDrive/Desktop/DVLSI/Lab/ZYBO_FIR/tmp_edit_project.sdk/FIR_design_wrapper.hdf
INFO: [Vivado 12-3157] SDK launch initiated. Please check console for any further messages.
exit
INFO: [Common 17-206] Exiting Vivado at Wed Apr 24 10:34:49 2024...
